<?xml version="1.0" encoding="utf-8"?>
<CoverageSession xmlns:xsd="http://www.w3.org/2001/XMLSchema" xmlns:xsi="http://www.w3.org/2001/XMLSchema-instance" Version="0.0.0.0">
  <Summary numSequencePoints="177" visitedSequencePoints="157" numBranchPoints="0" visitedBranchPoints="0" sequenceCoverage="88.70" branchCoverage="0.0" maxCyclomaticComplexity="0" minCyclomaticComplexity="0" maxCrapScore="0" minCrapScore="0" visitedClasses="12" numClasses="12" visitedMethods="31" numMethods="31" />
  <Modules>
    <Module>
      <Summary numSequencePoints="17" visitedSequencePoints="17" numBranchPoints="0" visitedBranchPoints="0" sequenceCoverage="100.0" branchCoverage="0.0" maxCyclomaticComplexity="0" minCyclomaticComplexity="0" maxCrapScore="0" minCrapScore="0" visitedClasses="2" numClasses="2" visitedMethods="3" numMethods="3" />
      <ModuleTime>0001-01-01T00:00:00</ModuleTime>
      <ModuleName>Tests</ModuleName>
      <Files>
        <File uid="1" fullPath="C:/Users/gameuser/Desktop/Crashteroids_C00270917_C00273123/starter/Assets/Tests/TestSuite.cs" />
      </Files>
      <Classes>
        <Class>
          <Summary numSequencePoints="8" visitedSequencePoints="8" numBranchPoints="0" visitedBranchPoints="0" sequenceCoverage="100.0" branchCoverage="0.0" maxCyclomaticComplexity="0" minCyclomaticComplexity="0" maxCrapScore="0" minCrapScore="0" visitedClasses="1" numClasses="1" visitedMethods="2" numMethods="2" />
          <FullName>TestSuite</FullName>
          <Methods>
            <Method visited="true" cyclomaticComplexity="0" nPathComplexity="0" sequenceCoverage="100.0" branchCoverage="0" crapScore="0" isConstructor="false" isStatic="false" isGetter="false" isSetter="false">
              <Summary numSequencePoints="5" visitedSequencePoints="5" numBranchPoints="0" visitedBranchPoints="0" sequenceCoverage="100.0" branchCoverage="0" maxCyclomaticComplexity="0" minCyclomaticComplexity="0" maxCrapScore="0" minCrapScore="0" visitedClasses="0" numClasses="0" visitedMethods="1" numMethods="1" />
              <MetadataToken>100663297</MetadataToken>
              <Name>System.Void TestSuite::Setup()</Name>
              <FileRef uid="1" />
              <SequencePoints>
                <SequencePoint vc="1" uspid="403" ordinal="0" offset="0" sl="13" sc="5" el="13" ec="5" bec="0" bev="0" fileid="1" />
                <SequencePoint vc="1" uspid="404" ordinal="0" offset="1" sl="14" sc="9" el="14" ec="9" bec="0" bev="0" fileid="1" />
                <SequencePoint vc="1" uspid="405" ordinal="0" offset="17" sl="16" sc="9" el="16" ec="9" bec="0" bev="0" fileid="1" />
                <SequencePoint vc="1" uspid="406" ordinal="0" offset="29" sl="17" sc="9" el="17" ec="9" bec="0" bev="0" fileid="1" />
                <SequencePoint vc="1" uspid="407" ordinal="0" offset="41" sl="18" sc="5" el="18" ec="5" bec="0" bev="0" fileid="1" />
              </SequencePoints>
              <BranchPoints />
            </Method>
            <Method visited="true" cyclomaticComplexity="0" nPathComplexity="0" sequenceCoverage="100.0" branchCoverage="0" crapScore="0" isConstructor="false" isStatic="false" isGetter="false" isSetter="false">
              <Summary numSequencePoints="3" visitedSequencePoints="3" numBranchPoints="0" visitedBranchPoints="0" sequenceCoverage="100.0" branchCoverage="0" maxCyclomaticComplexity="0" minCyclomaticComplexity="0" maxCrapScore="0" minCrapScore="0" visitedClasses="0" numClasses="0" visitedMethods="1" numMethods="1" />
              <MetadataToken>100663298</MetadataToken>
              <Name>System.Void TestSuite::TearDown()</Name>
              <FileRef uid="1" />
              <SequencePoints>
                <SequencePoint vc="1" uspid="408" ordinal="0" offset="0" sl="22" sc="5" el="22" ec="5" bec="0" bev="0" fileid="1" />
                <SequencePoint vc="1" uspid="409" ordinal="0" offset="1" sl="23" sc="9" el="23" ec="9" bec="0" bev="0" fileid="1" />
                <SequencePoint vc="1" uspid="410" ordinal="0" offset="18" sl="24" sc="5" el="24" ec="5" bec="0" bev="0" fileid="1" />
              </SequencePoints>
              <BranchPoints />
            </Method>
          </Methods>
        </Class>
        <Class>
          <Summary numSequencePoints="9" visitedSequencePoints="9" numBranchPoints="0" visitedBranchPoints="0" sequenceCoverage="100.0" branchCoverage="0.0" maxCyclomaticComplexity="0" minCyclomaticComplexity="0" maxCrapScore="0" minCrapScore="0" visitedClasses="1" numClasses="1" visitedMethods="1" numMethods="1" />
          <FullName>TestSuite/&lt;ShieldedShipSurvivesAsteroidCollision&gt;d__15</FullName>
          <Methods>
            <Method visited="true" cyclomaticComplexity="0" nPathComplexity="0" sequenceCoverage="100.0" branchCoverage="0" crapScore="0" isConstructor="false" isStatic="false" isGetter="false" isSetter="false">
              <Summary numSequencePoints="9" visitedSequencePoints="9" numBranchPoints="0" visitedBranchPoints="0" sequenceCoverage="100.0" branchCoverage="0" maxCyclomaticComplexity="0" minCyclomaticComplexity="0" maxCrapScore="0" minCrapScore="0" visitedClasses="0" numClasses="0" visitedMethods="1" numMethods="1" />
              <MetadataToken>100663375</MetadataToken>
              <Name>System.Boolean TestSuite/&lt;ShieldedShipSurvivesAsteroidCollision&gt;d__15::MoveNext()</Name>
              <FileRef uid="1" />
              <SequencePoints>
                <SequencePoint vc="1" uspid="478" ordinal="0" offset="34" sl="177" sc="5" el="177" ec="5" bec="0" bev="0" fileid="1" />
                <SequencePoint vc="1" uspid="479" ordinal="0" offset="35" sl="179" sc="9" el="179" ec="9" bec="0" bev="0" fileid="1" />
                <SequencePoint vc="1" uspid="480" ordinal="0" offset="62" sl="180" sc="9" el="180" ec="9" bec="0" bev="0" fileid="1" />
                <SequencePoint vc="1" uspid="481" ordinal="0" offset="89" sl="182" sc="9" el="182" ec="9" bec="0" bev="0" fileid="1" />
                <SequencePoint vc="1" uspid="482" ordinal="0" offset="112" sl="184" sc="9" el="184" ec="9" bec="0" bev="0" fileid="1" />
                <SequencePoint vc="1" uspid="483" ordinal="0" offset="203" sl="186" sc="9" el="186" ec="9" bec="0" bev="0" fileid="1" />
                <SequencePoint vc="1" uspid="484" ordinal="0" offset="235" sl="188" sc="9" el="188" ec="9" bec="0" bev="0" fileid="1" />
                <SequencePoint vc="1" uspid="485" ordinal="0" offset="247" sl="189" sc="9" el="189" ec="9" bec="0" bev="0" fileid="1" />
                <SequencePoint vc="1" uspid="486" ordinal="0" offset="274" sl="191" sc="5" el="191" ec="5" bec="0" bev="0" fileid="1" />
              </SequencePoints>
              <BranchPoints />
            </Method>
          </Methods>
        </Class>
      </Classes>
    </Module>
    <Module>
      <Summary numSequencePoints="160" visitedSequencePoints="140" numBranchPoints="0" visitedBranchPoints="0" sequenceCoverage="87.50" branchCoverage="0.0" maxCyclomaticComplexity="0" minCyclomaticComplexity="0" maxCrapScore="0" minCrapScore="0" visitedClasses="10" numClasses="10" visitedMethods="28" numMethods="28" />
      <ModuleTime>0001-01-01T00:00:00</ModuleTime>
      <ModuleName>Ne</ModuleName>
      <Files>
        <File uid="2" fullPath="C:/Users/gameuser/Desktop/Crashteroids_C00270917_C00273123/starter/Assets/Scripts/Asteroid.cs" />
        <File uid="3" fullPath="C:/Users/gameuser/Desktop/Crashteroids_C00270917_C00273123/starter/Assets/Scripts/Game.cs" />
        <File uid="4" fullPath="C:/Users/gameuser/Desktop/Crashteroids_C00270917_C00273123/starter/Assets/Scripts/Laser.cs" />
        <File uid="5" fullPath="C:/Users/gameuser/Desktop/Crashteroids_C00270917_C00273123/starter/Assets/Scripts/NewBehaviourScript.cs" />
        <File uid="6" fullPath="C:/Users/gameuser/Desktop/Crashteroids_C00270917_C00273123/starter/Assets/Scripts/SheildPickup.cs" />
        <File uid="7" fullPath="C:/Users/gameuser/Desktop/Crashteroids_C00270917_C00273123/starter/Assets/Scripts/Shield.cs" />
        <File uid="8" fullPath="C:/Users/gameuser/Desktop/Crashteroids_C00270917_C00273123/starter/Assets/Scripts/Ship.cs" />
        <File uid="9" fullPath="C:/Users/gameuser/Desktop/Crashteroids_C00270917_C00273123/starter/Assets/Scripts/Spawner.cs" />
        <File uid="10" fullPath="C:/Users/gameuser/Desktop/Crashteroids_C00270917_C00273123/starter/Assets/Scripts/SpeedPickup.cs" />
      </Files>
      <Classes>
        <Class>
          <Summary numSequencePoints="12" visitedSequencePoints="12" numBranchPoints="0" visitedBranchPoints="0" sequenceCoverage="100.0" branchCoverage="0.0" maxCyclomaticComplexity="0" minCyclomaticComplexity="0" maxCrapScore="0" minCrapScore="0" visitedClasses="1" numClasses="1" visitedMethods="3" numMethods="3" />
          <FullName>Asteroid</FullName>
          <Methods>
            <Method visited="true" cyclomaticComplexity="0" nPathComplexity="0" sequenceCoverage="100.0" branchCoverage="0" crapScore="0" isConstructor="false" isStatic="false" isGetter="false" isSetter="false">
              <Summary numSequencePoints="3" visitedSequencePoints="3" numBranchPoints="0" visitedBranchPoints="0" sequenceCoverage="100.0" branchCoverage="0" maxCyclomaticComplexity="0" minCyclomaticComplexity="0" maxCrapScore="0" minCrapScore="0" visitedClasses="0" numClasses="0" visitedMethods="1" numMethods="1" />
              <MetadataToken>100663297</MetadataToken>
              <Name>System.Void Asteroid::Update()</Name>
              <FileRef uid="2" />
              <SequencePoints>
                <SequencePoint vc="1939" uspid="527" ordinal="0" offset="0" sl="39" sc="5" el="39" ec="5" bec="0" bev="0" fileid="2" />
                <SequencePoint vc="1939" uspid="528" ordinal="0" offset="1" sl="40" sc="9" el="40" ec="9" bec="0" bev="0" fileid="2" />
                <SequencePoint vc="1939" uspid="529" ordinal="0" offset="8" sl="41" sc="5" el="41" ec="5" bec="0" bev="0" fileid="2" />
              </SequencePoints>
              <BranchPoints />
            </Method>
            <Method visited="true" cyclomaticComplexity="0" nPathComplexity="0" sequenceCoverage="100.0" branchCoverage="0" crapScore="0" isConstructor="false" isStatic="false" isGetter="false" isSetter="false">
              <Summary numSequencePoints="7" visitedSequencePoints="7" numBranchPoints="0" visitedBranchPoints="0" sequenceCoverage="100.0" branchCoverage="0" maxCyclomaticComplexity="0" minCyclomaticComplexity="0" maxCrapScore="0" minCrapScore="0" visitedClasses="0" numClasses="0" visitedMethods="1" numMethods="1" />
              <MetadataToken>100663298</MetadataToken>
              <Name>System.Void Asteroid::Move()</Name>
              <FileRef uid="2" />
              <SequencePoints>
                <SequencePoint vc="1939" uspid="530" ordinal="0" offset="0" sl="44" sc="5" el="44" ec="5" bec="0" bev="0" fileid="2" />
                <SequencePoint vc="1939" uspid="531" ordinal="0" offset="1" sl="45" sc="9" el="45" ec="9" bec="0" bev="0" fileid="2" />
                <SequencePoint vc="1939" uspid="532" ordinal="0" offset="39" sl="46" sc="9" el="46" ec="9" bec="0" bev="0" fileid="2" />
                <SequencePoint vc="3" uspid="533" ordinal="0" offset="67" sl="47" sc="9" el="47" ec="9" bec="0" bev="0" fileid="2" />
                <SequencePoint vc="3" uspid="534" ordinal="0" offset="68" sl="48" sc="13" el="48" ec="13" bec="0" bev="0" fileid="2" />
                <SequencePoint vc="3" uspid="535" ordinal="0" offset="80" sl="49" sc="9" el="49" ec="9" bec="0" bev="0" fileid="2" />
                <SequencePoint vc="1939" uspid="536" ordinal="0" offset="81" sl="50" sc="5" el="50" ec="5" bec="0" bev="0" fileid="2" />
              </SequencePoints>
              <BranchPoints />
            </Method>
            <Method visited="true" cyclomaticComplexity="0" nPathComplexity="0" sequenceCoverage="100.0" branchCoverage="0" crapScore="0" isConstructor="true" isStatic="false" isGetter="false" isSetter="false">
              <Summary numSequencePoints="2" visitedSequencePoints="2" numBranchPoints="0" visitedBranchPoints="0" sequenceCoverage="100.0" branchCoverage="0" maxCyclomaticComplexity="0" minCyclomaticComplexity="0" maxCrapScore="0" minCrapScore="0" visitedClasses="0" numClasses="0" visitedMethods="1" numMethods="1" />
              <MetadataToken>100663300</MetadataToken>
              <Name>Asteroid::Asteroid()</Name>
              <FileRef uid="2" />
              <SequencePoints>
                <SequencePoint vc="12" uspid="544" ordinal="0" offset="0" sl="35" sc="5" el="35" ec="5" bec="0" bev="0" fileid="2" />
                <SequencePoint vc="12" uspid="545" ordinal="0" offset="11" sl="36" sc="5" el="36" ec="5" bec="0" bev="0" fileid="2" />
              </SequencePoints>
              <BranchPoints />
            </Method>
          </Methods>
        </Class>
        <Class>
          <Summary numSequencePoints="28" visitedSequencePoints="28" numBranchPoints="0" visitedBranchPoints="0" sequenceCoverage="100.0" branchCoverage="0.0" maxCyclomaticComplexity="0" minCyclomaticComplexity="0" maxCrapScore="0" minCrapScore="0" visitedClasses="1" numClasses="1" visitedMethods="5" numMethods="5" />
          <FullName>Game</FullName>
          <Methods>
            <Method visited="true" cyclomaticComplexity="0" nPathComplexity="0" sequenceCoverage="100.0" branchCoverage="0" crapScore="0" isConstructor="false" isStatic="false" isGetter="false" isSetter="false">
              <Summary numSequencePoints="7" visitedSequencePoints="7" numBranchPoints="0" visitedBranchPoints="0" sequenceCoverage="100.0" branchCoverage="0" maxCyclomaticComplexity="0" minCyclomaticComplexity="0" maxCrapScore="0" minCrapScore="0" visitedClasses="0" numClasses="0" visitedMethods="1" numMethods="1" />
              <MetadataToken>100663301</MetadataToken>
              <Name>System.Void Game::Start()</Name>
              <FileRef uid="3" />
              <SequencePoints>
                <SequencePoint vc="1" uspid="546" ordinal="0" offset="0" sl="49" sc="5" el="49" ec="5" bec="0" bev="0" fileid="3" />
                <SequencePoint vc="1" uspid="547" ordinal="0" offset="1" sl="50" sc="9" el="50" ec="9" bec="0" bev="0" fileid="3" />
                <SequencePoint vc="1" uspid="548" ordinal="0" offset="7" sl="51" sc="9" el="51" ec="9" bec="0" bev="0" fileid="3" />
                <SequencePoint vc="1" uspid="549" ordinal="0" offset="20" sl="52" sc="9" el="52" ec="9" bec="0" bev="0" fileid="3" />
                <SequencePoint vc="1" uspid="550" ordinal="0" offset="33" sl="53" sc="9" el="53" ec="9" bec="0" bev="0" fileid="3" />
                <SequencePoint vc="1" uspid="551" ordinal="0" offset="46" sl="54" sc="9" el="54" ec="9" bec="0" bev="0" fileid="3" />
                <SequencePoint vc="1" uspid="552" ordinal="0" offset="59" sl="55" sc="5" el="55" ec="5" bec="0" bev="0" fileid="3" />
              </SequencePoints>
              <BranchPoints />
            </Method>
            <Method visited="true" cyclomaticComplexity="0" nPathComplexity="0" sequenceCoverage="100.0" branchCoverage="0" crapScore="0" isConstructor="false" isStatic="false" isGetter="false" isSetter="false">
              <Summary numSequencePoints="13" visitedSequencePoints="13" numBranchPoints="0" visitedBranchPoints="0" sequenceCoverage="100.0" branchCoverage="0" maxCyclomaticComplexity="0" minCyclomaticComplexity="0" maxCrapScore="0" minCrapScore="0" visitedClasses="0" numClasses="0" visitedMethods="1" numMethods="1" />
              <MetadataToken>100663303</MetadataToken>
              <Name>System.Void Game::NewGame()</Name>
              <FileRef uid="3" />
              <SequencePoints>
                <SequencePoint vc="1" uspid="561" ordinal="0" offset="0" sl="68" sc="5" el="68" ec="5" bec="0" bev="0" fileid="3" />
                <SequencePoint vc="1" uspid="562" ordinal="0" offset="1" sl="69" sc="9" el="69" ec="9" bec="0" bev="0" fileid="3" />
                <SequencePoint vc="1" uspid="563" ordinal="0" offset="8" sl="70" sc="9" el="70" ec="9" bec="0" bev="0" fileid="3" />
                <SequencePoint vc="1" uspid="564" ordinal="0" offset="21" sl="71" sc="9" el="71" ec="9" bec="0" bev="0" fileid="3" />
                <SequencePoint vc="1" uspid="565" ordinal="0" offset="34" sl="72" sc="9" el="72" ec="9" bec="0" bev="0" fileid="3" />
                <SequencePoint vc="1" uspid="566" ordinal="0" offset="71" sl="73" sc="9" el="73" ec="9" bec="0" bev="0" fileid="3" />
                <SequencePoint vc="1" uspid="567" ordinal="0" offset="78" sl="74" sc="9" el="74" ec="9" bec="0" bev="0" fileid="3" />
                <SequencePoint vc="1" uspid="568" ordinal="0" offset="111" sl="75" sc="9" el="75" ec="9" bec="0" bev="0" fileid="3" />
                <SequencePoint vc="1" uspid="569" ordinal="0" offset="124" sl="76" sc="9" el="76" ec="9" bec="0" bev="0" fileid="3" />
                <SequencePoint vc="1" uspid="570" ordinal="0" offset="136" sl="77" sc="9" el="77" ec="9" bec="0" bev="0" fileid="3" />
                <SequencePoint vc="1" uspid="571" ordinal="0" offset="153" sl="78" sc="9" el="78" ec="9" bec="0" bev="0" fileid="3" />
                <SequencePoint vc="1" uspid="572" ordinal="0" offset="165" sl="79" sc="9" el="79" ec="9" bec="0" bev="0" fileid="3" />
                <SequencePoint vc="1" uspid="573" ordinal="0" offset="178" sl="80" sc="5" el="80" ec="5" bec="0" bev="0" fileid="3" />
              </SequencePoints>
              <BranchPoints />
            </Method>
            <Method visited="true" cyclomaticComplexity="0" nPathComplexity="0" sequenceCoverage="100.0" branchCoverage="0" crapScore="0" isConstructor="false" isStatic="false" isGetter="false" isSetter="false">
              <Summary numSequencePoints="3" visitedSequencePoints="3" numBranchPoints="0" visitedBranchPoints="0" sequenceCoverage="100.0" branchCoverage="0" maxCyclomaticComplexity="0" minCyclomaticComplexity="0" maxCrapScore="0" minCrapScore="0" visitedClasses="0" numClasses="0" visitedMethods="1" numMethods="1" />
              <MetadataToken>100663305</MetadataToken>
              <Name>Ship Game::GetShip()</Name>
              <FileRef uid="3" />
              <SequencePoints>
                <SequencePoint vc="1" uspid="578" ordinal="0" offset="0" sl="89" sc="5" el="89" ec="5" bec="0" bev="0" fileid="3" />
                <SequencePoint vc="1" uspid="579" ordinal="0" offset="1" sl="90" sc="9" el="90" ec="9" bec="0" bev="0" fileid="3" />
                <SequencePoint vc="1" uspid="580" ordinal="0" offset="15" sl="91" sc="5" el="91" ec="5" bec="0" bev="0" fileid="3" />
              </SequencePoints>
              <BranchPoints />
            </Method>
            <Method visited="true" cyclomaticComplexity="0" nPathComplexity="0" sequenceCoverage="100.0" branchCoverage="0" crapScore="0" isConstructor="false" isStatic="false" isGetter="false" isSetter="false">
              <Summary numSequencePoints="3" visitedSequencePoints="3" numBranchPoints="0" visitedBranchPoints="0" sequenceCoverage="100.0" branchCoverage="0" maxCyclomaticComplexity="0" minCyclomaticComplexity="0" maxCrapScore="0" minCrapScore="0" visitedClasses="0" numClasses="0" visitedMethods="1" numMethods="1" />
              <MetadataToken>100663306</MetadataToken>
              <Name>Spawner Game::GetSpawner()</Name>
              <FileRef uid="3" />
              <SequencePoints>
                <SequencePoint vc="1" uspid="581" ordinal="0" offset="0" sl="94" sc="5" el="94" ec="5" bec="0" bev="0" fileid="3" />
                <SequencePoint vc="1" uspid="582" ordinal="0" offset="1" sl="95" sc="9" el="95" ec="9" bec="0" bev="0" fileid="3" />
                <SequencePoint vc="1" uspid="583" ordinal="0" offset="15" sl="96" sc="5" el="96" ec="5" bec="0" bev="0" fileid="3" />
              </SequencePoints>
              <BranchPoints />
            </Method>
            <Method visited="true" cyclomaticComplexity="0" nPathComplexity="0" sequenceCoverage="100.0" branchCoverage="0" crapScore="0" isConstructor="true" isStatic="false" isGetter="false" isSetter="false">
              <Summary numSequencePoints="2" visitedSequencePoints="2" numBranchPoints="0" visitedBranchPoints="0" sequenceCoverage="100.0" branchCoverage="0" maxCyclomaticComplexity="0" minCyclomaticComplexity="0" maxCrapScore="0" minCrapScore="0" visitedClasses="0" numClasses="0" visitedMethods="1" numMethods="1" />
              <MetadataToken>100663307</MetadataToken>
              <Name>Game::Game()</Name>
              <FileRef uid="3" />
              <SequencePoints>
                <SequencePoint vc="2" uspid="584" ordinal="0" offset="0" sl="36" sc="5" el="36" ec="5" bec="0" bev="0" fileid="3" />
                <SequencePoint vc="2" uspid="585" ordinal="0" offset="7" sl="37" sc="5" el="37" ec="5" bec="0" bev="0" fileid="3" />
              </SequencePoints>
              <BranchPoints />
            </Method>
          </Methods>
        </Class>
        <Class>
          <Summary numSequencePoints="24" visitedSequencePoints="21" numBranchPoints="0" visitedBranchPoints="0" sequenceCoverage="87.50" branchCoverage="0.0" maxCyclomaticComplexity="0" minCyclomaticComplexity="0" maxCrapScore="0" minCrapScore="0" visitedClasses="1" numClasses="1" visitedMethods="5" numMethods="5" />
          <FullName>SheildPickup</FullName>
          <Methods>
            <Method visited="true" cyclomaticComplexity="0" nPathComplexity="0" sequenceCoverage="100.0" branchCoverage="0" crapScore="0" isConstructor="false" isStatic="false" isGetter="false" isSetter="false">
              <Summary numSequencePoints="3" visitedSequencePoints="3" numBranchPoints="0" visitedBranchPoints="0" sequenceCoverage="100.0" branchCoverage="0" maxCyclomaticComplexity="0" minCyclomaticComplexity="0" maxCrapScore="0" minCrapScore="0" visitedClasses="0" numClasses="0" visitedMethods="1" numMethods="1" />
              <MetadataToken>100663314</MetadataToken>
              <Name>System.Void SheildPickup::Start()</Name>
              <FileRef uid="6" />
              <SequencePoints>
                <SequencePoint vc="1" uspid="606" ordinal="0" offset="0" sl="14" sc="5" el="14" ec="5" bec="0" bev="0" fileid="6" />
                <SequencePoint vc="1" uspid="607" ordinal="0" offset="1" sl="15" sc="9" el="15" ec="9" bec="0" bev="0" fileid="6" />
                <SequencePoint vc="1" uspid="608" ordinal="0" offset="19" sl="16" sc="5" el="16" ec="5" bec="0" bev="0" fileid="6" />
              </SequencePoints>
              <BranchPoints />
            </Method>
            <Method visited="true" cyclomaticComplexity="0" nPathComplexity="0" sequenceCoverage="100.0" branchCoverage="0" crapScore="0" isConstructor="false" isStatic="false" isGetter="false" isSetter="false">
              <Summary numSequencePoints="4" visitedSequencePoints="4" numBranchPoints="0" visitedBranchPoints="0" sequenceCoverage="100.0" branchCoverage="0" maxCyclomaticComplexity="0" minCyclomaticComplexity="0" maxCrapScore="0" minCrapScore="0" visitedClasses="0" numClasses="0" visitedMethods="1" numMethods="1" />
              <MetadataToken>100663315</MetadataToken>
              <Name>System.Void SheildPickup::Update()</Name>
              <FileRef uid="6" />
              <SequencePoints>
                <SequencePoint vc="250" uspid="609" ordinal="0" offset="0" sl="20" sc="5" el="20" ec="5" bec="0" bev="0" fileid="6" />
                <SequencePoint vc="250" uspid="610" ordinal="0" offset="1" sl="21" sc="9" el="21" ec="9" bec="0" bev="0" fileid="6" />
                <SequencePoint vc="250" uspid="611" ordinal="0" offset="8" sl="22" sc="9" el="22" ec="9" bec="0" bev="0" fileid="6" />
                <SequencePoint vc="250" uspid="612" ordinal="0" offset="15" sl="23" sc="5" el="23" ec="5" bec="0" bev="0" fileid="6" />
              </SequencePoints>
              <BranchPoints />
            </Method>
            <Method visited="true" cyclomaticComplexity="0" nPathComplexity="0" sequenceCoverage="100.0" branchCoverage="0" crapScore="0" isConstructor="false" isStatic="false" isGetter="false" isSetter="false">
              <Summary numSequencePoints="4" visitedSequencePoints="4" numBranchPoints="0" visitedBranchPoints="0" sequenceCoverage="100.0" branchCoverage="0" maxCyclomaticComplexity="0" minCyclomaticComplexity="0" maxCrapScore="0" minCrapScore="0" visitedClasses="0" numClasses="0" visitedMethods="1" numMethods="1" />
              <MetadataToken>100663316</MetadataToken>
              <Name>System.Void SheildPickup::Move()</Name>
              <FileRef uid="6" />
              <SequencePoints>
                <SequencePoint vc="250" uspid="613" ordinal="0" offset="0" sl="26" sc="5" el="26" ec="5" bec="0" bev="0" fileid="6" />
                <SequencePoint vc="250" uspid="614" ordinal="0" offset="1" sl="27" sc="9" el="27" ec="9" bec="0" bev="0" fileid="6" />
                <SequencePoint vc="250" uspid="615" ordinal="0" offset="23" sl="28" sc="9" el="28" ec="9" bec="0" bev="0" fileid="6" />
                <SequencePoint vc="250" uspid="616" ordinal="0" offset="57" sl="30" sc="5" el="30" ec="5" bec="0" bev="0" fileid="6" />
              </SequencePoints>
              <BranchPoints />
            </Method>
            <Method visited="true" cyclomaticComplexity="0" nPathComplexity="0" sequenceCoverage="50.00" branchCoverage="0" crapScore="0" isConstructor="false" isStatic="false" isGetter="false" isSetter="false">
              <Summary numSequencePoints="6" visitedSequencePoints="3" numBranchPoints="0" visitedBranchPoints="0" sequenceCoverage="50.00" branchCoverage="0" maxCyclomaticComplexity="0" minCyclomaticComplexity="0" maxCrapScore="0" minCrapScore="0" visitedClasses="0" numClasses="0" visitedMethods="1" numMethods="1" />
              <MetadataToken>100663317</MetadataToken>
              <Name>System.Void SheildPickup::CheckForOffScreen()</Name>
              <FileRef uid="6" />
              <SequencePoints>
                <SequencePoint vc="250" uspid="617" ordinal="0" offset="0" sl="33" sc="5" el="33" ec="5" bec="0" bev="0" fileid="6" />
                <SequencePoint vc="250" uspid="618" ordinal="0" offset="1" sl="34" sc="9" el="34" ec="9" bec="0" bev="0" fileid="6" />
                <SequencePoint vc="0" uspid="619" ordinal="0" offset="28" sl="35" sc="9" el="35" ec="9" bec="0" bev="0" fileid="6" />
                <SequencePoint vc="0" uspid="620" ordinal="0" offset="29" sl="36" sc="13" el="36" ec="13" bec="0" bev="0" fileid="6" />
                <SequencePoint vc="0" uspid="621" ordinal="0" offset="41" sl="37" sc="9" el="37" ec="9" bec="0" bev="0" fileid="6" />
                <SequencePoint vc="250" uspid="622" ordinal="0" offset="42" sl="38" sc="5" el="38" ec="5" bec="0" bev="0" fileid="6" />
              </SequencePoints>
              <BranchPoints />
            </Method>
            <Method visited="true" cyclomaticComplexity="0" nPathComplexity="0" sequenceCoverage="100.0" branchCoverage="0" crapScore="0" isConstructor="false" isStatic="false" isGetter="false" isSetter="false">
              <Summary numSequencePoints="7" visitedSequencePoints="7" numBranchPoints="0" visitedBranchPoints="0" sequenceCoverage="100.0" branchCoverage="0" maxCyclomaticComplexity="0" minCyclomaticComplexity="0" maxCrapScore="0" minCrapScore="0" visitedClasses="0" numClasses="0" visitedMethods="1" numMethods="1" />
              <MetadataToken>100663318</MetadataToken>
              <Name>UnityEngine.Vector3 SheildPickup::RandomSpawn()</Name>
              <FileRef uid="6" />
              <SequencePoints>
                <SequencePoint vc="1" uspid="623" ordinal="0" offset="0" sl="40" sc="5" el="40" ec="5" bec="0" bev="0" fileid="6" />
                <SequencePoint vc="1" uspid="624" ordinal="0" offset="1" sl="41" sc="9" el="41" ec="9" bec="0" bev="0" fileid="6" />
                <SequencePoint vc="1" uspid="625" ordinal="0" offset="9" sl="43" sc="9" el="43" ec="9" bec="0" bev="0" fileid="6" />
                <SequencePoint vc="1" uspid="626" ordinal="0" offset="25" sl="44" sc="9" el="44" ec="9" bec="0" bev="0" fileid="6" />
                <SequencePoint vc="1" uspid="627" ordinal="0" offset="37" sl="45" sc="9" el="45" ec="9" bec="0" bev="0" fileid="6" />
                <SequencePoint vc="1" uspid="628" ordinal="0" offset="49" sl="46" sc="9" el="46" ec="9" bec="0" bev="0" fileid="6" />
                <SequencePoint vc="1" uspid="629" ordinal="0" offset="53" sl="47" sc="5" el="47" ec="5" bec="0" bev="0" fileid="6" />
              </SequencePoints>
              <BranchPoints />
            </Method>
          </Methods>
        </Class>
        <Class>
          <Summary numSequencePoints="7" visitedSequencePoints="7" numBranchPoints="0" visitedBranchPoints="0" sequenceCoverage="100.0" branchCoverage="0.0" maxCyclomaticComplexity="0" minCyclomaticComplexity="0" maxCrapScore="0" minCrapScore="0" visitedClasses="1" numClasses="1" visitedMethods="1" numMethods="1" />
          <FullName>Shield</FullName>
          <Methods>
            <Method visited="true" cyclomaticComplexity="0" nPathComplexity="0" sequenceCoverage="100.0" branchCoverage="0" crapScore="0" isConstructor="false" isStatic="false" isGetter="false" isSetter="false">
              <Summary numSequencePoints="7" visitedSequencePoints="7" numBranchPoints="0" visitedBranchPoints="0" sequenceCoverage="100.0" branchCoverage="0" maxCyclomaticComplexity="0" minCyclomaticComplexity="0" maxCrapScore="0" minCrapScore="0" visitedClasses="0" numClasses="0" visitedMethods="1" numMethods="1" />
              <MetadataToken>100663321</MetadataToken>
              <Name>System.Void Shield::OnTriggerEnter(UnityEngine.Collider)</Name>
              <FileRef uid="7" />
              <SequencePoints>
                <SequencePoint vc="1" uspid="638" ordinal="0" offset="0" sl="10" sc="5" el="10" ec="5" bec="0" bev="0" fileid="7" />
                <SequencePoint vc="1" uspid="639" ordinal="0" offset="1" sl="11" sc="9" el="11" ec="9" bec="0" bev="0" fileid="7" />
                <SequencePoint vc="1" uspid="640" ordinal="0" offset="22" sl="12" sc="9" el="12" ec="9" bec="0" bev="0" fileid="7" />
                <SequencePoint vc="1" uspid="641" ordinal="0" offset="23" sl="13" sc="13" el="13" ec="13" bec="0" bev="0" fileid="7" />
                <SequencePoint vc="1" uspid="642" ordinal="0" offset="35" sl="14" sc="13" el="14" ec="13" bec="0" bev="0" fileid="7" />
                <SequencePoint vc="1" uspid="643" ordinal="0" offset="48" sl="15" sc="9" el="15" ec="9" bec="0" bev="0" fileid="7" />
                <SequencePoint vc="1" uspid="644" ordinal="0" offset="49" sl="16" sc="5" el="16" ec="5" bec="0" bev="0" fileid="7" />
              </SequencePoints>
              <BranchPoints />
            </Method>
          </Methods>
        </Class>
        <Class>
          <Summary numSequencePoints="31" visitedSequencePoints="20" numBranchPoints="0" visitedBranchPoints="0" sequenceCoverage="64.52" branchCoverage="0.0" maxCyclomaticComplexity="0" minCyclomaticComplexity="0" maxCrapScore="0" minCrapScore="0" visitedClasses="1" numClasses="1" visitedMethods="4" numMethods="4" />
          <FullName>Ship</FullName>
          <Methods>
            <Method visited="true" cyclomaticComplexity="0" nPathComplexity="0" sequenceCoverage="100.0" branchCoverage="0" crapScore="0" isConstructor="false" isStatic="false" isGetter="false" isSetter="false">
              <Summary numSequencePoints="3" visitedSequencePoints="3" numBranchPoints="0" visitedBranchPoints="0" sequenceCoverage="100.0" branchCoverage="0" maxCyclomaticComplexity="0" minCyclomaticComplexity="0" maxCrapScore="0" minCrapScore="0" visitedClasses="0" numClasses="0" visitedMethods="1" numMethods="1" />
              <MetadataToken>100663323</MetadataToken>
              <Name>System.Void Ship::Awake()</Name>
              <FileRef uid="8" />
              <SequencePoints>
                <SequencePoint vc="1" uspid="645" ordinal="0" offset="0" sl="52" sc="5" el="52" ec="5" bec="0" bev="0" fileid="8" />
                <SequencePoint vc="1" uspid="646" ordinal="0" offset="1" sl="53" sc="9" el="53" ec="9" bec="0" bev="0" fileid="8" />
                <SequencePoint vc="1" uspid="647" ordinal="0" offset="13" sl="54" sc="5" el="54" ec="5" bec="0" bev="0" fileid="8" />
              </SequencePoints>
              <BranchPoints />
            </Method>
            <Method visited="true" cyclomaticComplexity="0" nPathComplexity="0" sequenceCoverage="38.89" branchCoverage="0" crapScore="0" isConstructor="false" isStatic="false" isGetter="false" isSetter="false">
              <Summary numSequencePoints="18" visitedSequencePoints="7" numBranchPoints="0" visitedBranchPoints="0" sequenceCoverage="38.89" branchCoverage="0" maxCyclomaticComplexity="0" minCyclomaticComplexity="0" maxCrapScore="0" minCrapScore="0" visitedClasses="0" numClasses="0" visitedMethods="1" numMethods="1" />
              <MetadataToken>100663324</MetadataToken>
              <Name>System.Void Ship::Update()</Name>
              <FileRef uid="8" />
              <SequencePoints>
                <SequencePoint vc="701" uspid="648" ordinal="0" offset="0" sl="57" sc="5" el="57" ec="5" bec="0" bev="0" fileid="8" />
                <SequencePoint vc="701" uspid="649" ordinal="0" offset="1" sl="58" sc="9" el="58" ec="9" bec="0" bev="0" fileid="8" />
                <SequencePoint vc="701" uspid="650" ordinal="0" offset="23" sl="59" sc="9" el="59" ec="9" bec="0" bev="0" fileid="8" />
                <SequencePoint vc="0" uspid="651" ordinal="0" offset="33" sl="60" sc="9" el="60" ec="9" bec="0" bev="0" fileid="8" />
                <SequencePoint vc="0" uspid="652" ordinal="0" offset="34" sl="61" sc="13" el="61" ec="13" bec="0" bev="0" fileid="8" />
                <SequencePoint vc="701" uspid="653" ordinal="0" offset="36" sl="64" sc="9" el="64" ec="9" bec="0" bev="0" fileid="8" />
                <SequencePoint vc="0" uspid="654" ordinal="0" offset="58" sl="65" sc="9" el="65" ec="9" bec="0" bev="0" fileid="8" />
                <SequencePoint vc="0" uspid="655" ordinal="0" offset="59" sl="66" sc="13" el="66" ec="13" bec="0" bev="0" fileid="8" />
                <SequencePoint vc="0" uspid="656" ordinal="0" offset="66" sl="67" sc="9" el="67" ec="9" bec="0" bev="0" fileid="8" />
                <SequencePoint vc="701" uspid="657" ordinal="0" offset="67" sl="69" sc="9" el="69" ec="9" bec="0" bev="0" fileid="8" />
                <SequencePoint vc="0" uspid="658" ordinal="0" offset="81" sl="70" sc="9" el="70" ec="9" bec="0" bev="0" fileid="8" />
                <SequencePoint vc="0" uspid="659" ordinal="0" offset="82" sl="71" sc="13" el="71" ec="13" bec="0" bev="0" fileid="8" />
                <SequencePoint vc="0" uspid="660" ordinal="0" offset="89" sl="72" sc="9" el="72" ec="9" bec="0" bev="0" fileid="8" />
                <SequencePoint vc="701" uspid="661" ordinal="0" offset="90" sl="74" sc="9" el="74" ec="9" bec="0" bev="0" fileid="8" />
                <SequencePoint vc="0" uspid="662" ordinal="0" offset="104" sl="75" sc="9" el="75" ec="9" bec="0" bev="0" fileid="8" />
                <SequencePoint vc="0" uspid="663" ordinal="0" offset="105" sl="76" sc="13" el="76" ec="13" bec="0" bev="0" fileid="8" />
                <SequencePoint vc="0" uspid="664" ordinal="0" offset="112" sl="77" sc="9" el="77" ec="9" bec="0" bev="0" fileid="8" />
                <SequencePoint vc="701" uspid="665" ordinal="0" offset="113" sl="78" sc="5" el="78" ec="5" bec="0" bev="0" fileid="8" />
              </SequencePoints>
              <BranchPoints />
            </Method>
            <Method visited="true" cyclomaticComplexity="0" nPathComplexity="0" sequenceCoverage="100.0" branchCoverage="0" crapScore="0" isConstructor="false" isStatic="false" isGetter="false" isSetter="false">
              <Summary numSequencePoints="5" visitedSequencePoints="5" numBranchPoints="0" visitedBranchPoints="0" sequenceCoverage="100.0" branchCoverage="0" maxCyclomaticComplexity="0" minCyclomaticComplexity="0" maxCrapScore="0" minCrapScore="0" visitedClasses="0" numClasses="0" visitedMethods="1" numMethods="1" />
              <MetadataToken>100663331</MetadataToken>
              <Name>System.Void Ship::RepairShip()</Name>
              <FileRef uid="8" />
              <SequencePoints>
                <SequencePoint vc="1" uspid="693" ordinal="0" offset="0" sl="128" sc="5" el="128" ec="5" bec="0" bev="0" fileid="8" />
                <SequencePoint vc="1" uspid="694" ordinal="0" offset="1" sl="129" sc="9" el="129" ec="9" bec="0" bev="0" fileid="8" />
                <SequencePoint vc="1" uspid="695" ordinal="0" offset="14" sl="130" sc="9" el="130" ec="9" bec="0" bev="0" fileid="8" />
                <SequencePoint vc="1" uspid="696" ordinal="0" offset="27" sl="131" sc="9" el="131" ec="9" bec="0" bev="0" fileid="8" />
                <SequencePoint vc="1" uspid="697" ordinal="0" offset="34" sl="132" sc="5" el="132" ec="5" bec="0" bev="0" fileid="8" />
              </SequencePoints>
              <BranchPoints />
            </Method>
            <Method visited="true" cyclomaticComplexity="0" nPathComplexity="0" sequenceCoverage="100.0" branchCoverage="0" crapScore="0" isConstructor="true" isStatic="false" isGetter="false" isSetter="false">
              <Summary numSequencePoints="5" visitedSequencePoints="5" numBranchPoints="0" visitedBranchPoints="0" sequenceCoverage="100.0" branchCoverage="0" maxCyclomaticComplexity="0" minCyclomaticComplexity="0" maxCrapScore="0" minCrapScore="0" visitedClasses="0" numClasses="0" visitedMethods="1" numMethods="1" />
              <MetadataToken>100663334</MetadataToken>
              <Name>Ship::Ship()</Name>
              <FileRef uid="8" />
              <SequencePoints>
                <SequencePoint vc="2" uspid="705" ordinal="0" offset="0" sl="36" sc="5" el="36" ec="5" bec="0" bev="0" fileid="8" />
                <SequencePoint vc="2" uspid="706" ordinal="0" offset="7" sl="37" sc="5" el="37" ec="5" bec="0" bev="0" fileid="8" />
                <SequencePoint vc="2" uspid="707" ordinal="0" offset="18" sl="38" sc="5" el="38" ec="5" bec="0" bev="0" fileid="8" />
                <SequencePoint vc="2" uspid="708" ordinal="0" offset="25" sl="48" sc="5" el="48" ec="5" bec="0" bev="0" fileid="8" />
                <SequencePoint vc="2" uspid="709" ordinal="0" offset="36" sl="49" sc="5" el="49" ec="5" bec="0" bev="0" fileid="8" />
              </SequencePoints>
              <BranchPoints />
            </Method>
          </Methods>
        </Class>
        <Class>
          <Summary numSequencePoints="38" visitedSequencePoints="34" numBranchPoints="0" visitedBranchPoints="0" sequenceCoverage="89.47" branchCoverage="0.0" maxCyclomaticComplexity="0" minCyclomaticComplexity="0" maxCrapScore="0" minCrapScore="0" visitedClasses="1" numClasses="1" visitedMethods="6" numMethods="6" />
          <FullName>Spawner</FullName>
          <Methods>
            <Method visited="true" cyclomaticComplexity="0" nPathComplexity="0" sequenceCoverage="100.0" branchCoverage="0" crapScore="0" isConstructor="false" isStatic="false" isGetter="false" isSetter="false">
              <Summary numSequencePoints="6" visitedSequencePoints="6" numBranchPoints="0" visitedBranchPoints="0" sequenceCoverage="100.0" branchCoverage="0" maxCyclomaticComplexity="0" minCyclomaticComplexity="0" maxCrapScore="0" minCrapScore="0" visitedClasses="0" numClasses="0" visitedMethods="1" numMethods="1" />
              <MetadataToken>100663335</MetadataToken>
              <Name>System.Void Spawner::Awake()</Name>
              <FileRef uid="9" />
              <SequencePoints>
                <SequencePoint vc="1" uspid="710" ordinal="0" offset="0" sl="56" sc="5" el="56" ec="5" bec="0" bev="0" fileid="9" />
                <SequencePoint vc="1" uspid="711" ordinal="0" offset="1" sl="57" sc="9" el="57" ec="9" bec="0" bev="0" fileid="9" />
                <SequencePoint vc="1" uspid="712" ordinal="0" offset="57" sl="59" sc="9" el="59" ec="9" bec="0" bev="0" fileid="9" />
                <SequencePoint vc="1" uspid="713" ordinal="0" offset="74" sl="60" sc="9" el="60" ec="9" bec="0" bev="0" fileid="9" />
                <SequencePoint vc="1" uspid="714" ordinal="0" offset="86" sl="61" sc="9" el="61" ec="9" bec="0" bev="0" fileid="9" />
                <SequencePoint vc="1" uspid="715" ordinal="0" offset="98" sl="64" sc="5" el="64" ec="5" bec="0" bev="0" fileid="9" />
              </SequencePoints>
              <BranchPoints />
            </Method>
            <Method visited="true" cyclomaticComplexity="0" nPathComplexity="0" sequenceCoverage="100.0" branchCoverage="0" crapScore="0" isConstructor="false" isStatic="false" isGetter="false" isSetter="false">
              <Summary numSequencePoints="3" visitedSequencePoints="3" numBranchPoints="0" visitedBranchPoints="0" sequenceCoverage="100.0" branchCoverage="0" maxCyclomaticComplexity="0" minCyclomaticComplexity="0" maxCrapScore="0" minCrapScore="0" visitedClasses="0" numClasses="0" visitedMethods="1" numMethods="1" />
              <MetadataToken>100663337</MetadataToken>
              <Name>System.Void Spawner::spawnShield()</Name>
              <FileRef uid="9" />
              <SequencePoints>
                <SequencePoint vc="1" uspid="716" ordinal="0" offset="0" sl="76" sc="5" el="76" ec="5" bec="0" bev="0" fileid="9" />
                <SequencePoint vc="1" uspid="717" ordinal="0" offset="1" sl="77" sc="9" el="77" ec="9" bec="0" bev="0" fileid="9" />
                <SequencePoint vc="1" uspid="718" ordinal="0" offset="13" sl="78" sc="5" el="78" ec="5" bec="0" bev="0" fileid="9" />
              </SequencePoints>
              <BranchPoints />
            </Method>
            <Method visited="true" cyclomaticComplexity="0" nPathComplexity="0" sequenceCoverage="100.0" branchCoverage="0" crapScore="0" isConstructor="false" isStatic="false" isGetter="false" isSetter="false">
              <Summary numSequencePoints="5" visitedSequencePoints="5" numBranchPoints="0" visitedBranchPoints="0" sequenceCoverage="100.0" branchCoverage="0" maxCyclomaticComplexity="0" minCyclomaticComplexity="0" maxCrapScore="0" minCrapScore="0" visitedClasses="0" numClasses="0" visitedMethods="1" numMethods="1" />
              <MetadataToken>100663338</MetadataToken>
              <Name>System.Void Spawner::BeginSpawning()</Name>
              <FileRef uid="9" />
              <SequencePoints>
                <SequencePoint vc="1" uspid="719" ordinal="0" offset="0" sl="81" sc="5" el="81" ec="5" bec="0" bev="0" fileid="9" />
                <SequencePoint vc="1" uspid="720" ordinal="0" offset="1" sl="82" sc="9" el="82" ec="9" bec="0" bev="0" fileid="9" />
                <SequencePoint vc="1" uspid="721" ordinal="0" offset="14" sl="83" sc="9" el="83" ec="9" bec="0" bev="0" fileid="9" />
                <SequencePoint vc="1" uspid="722" ordinal="0" offset="27" sl="84" sc="9" el="84" ec="9" bec="0" bev="0" fileid="9" />
                <SequencePoint vc="1" uspid="723" ordinal="0" offset="40" sl="85" sc="5" el="85" ec="5" bec="0" bev="0" fileid="9" />
              </SequencePoints>
              <BranchPoints />
            </Method>
            <Method visited="true" cyclomaticComplexity="0" nPathComplexity="0" sequenceCoverage="76.47" branchCoverage="0" crapScore="0" isConstructor="false" isStatic="false" isGetter="false" isSetter="false">
              <Summary numSequencePoints="17" visitedSequencePoints="13" numBranchPoints="0" visitedBranchPoints="0" sequenceCoverage="76.47" branchCoverage="0" maxCyclomaticComplexity="0" minCyclomaticComplexity="0" maxCrapScore="0" minCrapScore="0" visitedClasses="0" numClasses="0" visitedMethods="1" numMethods="1" />
              <MetadataToken>100663342</MetadataToken>
              <Name>UnityEngine.GameObject Spawner::SpawnAsteroid()</Name>
              <FileRef uid="9" />
              <SequencePoints>
                <SequencePoint vc="8" uspid="727" ordinal="0" offset="0" sl="111" sc="5" el="111" ec="5" bec="0" bev="0" fileid="9" />
                <SequencePoint vc="8" uspid="728" ordinal="0" offset="1" sl="112" sc="9" el="112" ec="9" bec="0" bev="0" fileid="9" />
                <SequencePoint vc="8" uspid="729" ordinal="0" offset="9" sl="114" sc="9" el="114" ec="9" bec="0" bev="0" fileid="9" />
                <SequencePoint vc="1" uspid="730" ordinal="0" offset="39" sl="117" sc="17" el="117" ec="17" bec="0" bev="0" fileid="9" />
                <SequencePoint vc="1" uspid="731" ordinal="0" offset="51" sl="118" sc="17" el="118" ec="17" bec="0" bev="0" fileid="9" />
                <SequencePoint vc="4" uspid="732" ordinal="0" offset="53" sl="120" sc="17" el="120" ec="17" bec="0" bev="0" fileid="9" />
                <SequencePoint vc="4" uspid="733" ordinal="0" offset="65" sl="121" sc="17" el="121" ec="17" bec="0" bev="0" fileid="9" />
                <SequencePoint vc="3" uspid="734" ordinal="0" offset="67" sl="123" sc="17" el="123" ec="17" bec="0" bev="0" fileid="9" />
                <SequencePoint vc="3" uspid="735" ordinal="0" offset="79" sl="124" sc="17" el="124" ec="17" bec="0" bev="0" fileid="9" />
                <SequencePoint vc="0" uspid="736" ordinal="0" offset="81" sl="126" sc="17" el="126" ec="17" bec="0" bev="0" fileid="9" />
                <SequencePoint vc="0" uspid="737" ordinal="0" offset="93" sl="127" sc="17" el="127" ec="17" bec="0" bev="0" fileid="9" />
                <SequencePoint vc="0" uspid="738" ordinal="0" offset="95" sl="129" sc="17" el="129" ec="17" bec="0" bev="0" fileid="9" />
                <SequencePoint vc="0" uspid="739" ordinal="0" offset="107" sl="130" sc="17" el="130" ec="17" bec="0" bev="0" fileid="9" />
                <SequencePoint vc="8" uspid="740" ordinal="0" offset="109" sl="133" sc="9" el="133" ec="9" bec="0" bev="0" fileid="9" />
                <SequencePoint vc="8" uspid="741" ordinal="0" offset="117" sl="134" sc="9" el="134" ec="9" bec="0" bev="0" fileid="9" />
                <SequencePoint vc="8" uspid="742" ordinal="0" offset="125" sl="135" sc="9" el="135" ec="9" bec="0" bev="0" fileid="9" />
                <SequencePoint vc="8" uspid="743" ordinal="0" offset="130" sl="136" sc="5" el="136" ec="5" bec="0" bev="0" fileid="9" />
              </SequencePoints>
              <BranchPoints />
            </Method>
            <Method visited="true" cyclomaticComplexity="0" nPathComplexity="0" sequenceCoverage="100.0" branchCoverage="0" crapScore="0" isConstructor="false" isStatic="false" isGetter="false" isSetter="false">
              <Summary numSequencePoints="4" visitedSequencePoints="4" numBranchPoints="0" visitedBranchPoints="0" sequenceCoverage="100.0" branchCoverage="0" maxCyclomaticComplexity="0" minCyclomaticComplexity="0" maxCrapScore="0" minCrapScore="0" visitedClasses="0" numClasses="0" visitedMethods="1" numMethods="1" />
              <MetadataToken>100663343</MetadataToken>
              <Name>System.Void Spawner::SetPosition(UnityEngine.GameObject)</Name>
              <FileRef uid="9" />
              <SequencePoints>
                <SequencePoint vc="8" uspid="744" ordinal="0" offset="0" sl="139" sc="5" el="139" ec="5" bec="0" bev="0" fileid="9" />
                <SequencePoint vc="8" uspid="745" ordinal="0" offset="1" sl="140" sc="9" el="140" ec="9" bec="0" bev="0" fileid="9" />
                <SequencePoint vc="8" uspid="746" ordinal="0" offset="17" sl="143" sc="9" el="143" ec="9" bec="0" bev="0" fileid="9" />
                <SequencePoint vc="8" uspid="747" ordinal="0" offset="57" sl="144" sc="5" el="144" ec="5" bec="0" bev="0" fileid="9" />
              </SequencePoints>
              <BranchPoints />
            </Method>
            <Method visited="true" cyclomaticComplexity="0" nPathComplexity="0" sequenceCoverage="100.0" branchCoverage="0" crapScore="0" isConstructor="false" isStatic="false" isGetter="false" isSetter="false">
              <Summary numSequencePoints="3" visitedSequencePoints="3" numBranchPoints="0" visitedBranchPoints="0" sequenceCoverage="100.0" branchCoverage="0" maxCyclomaticComplexity="0" minCyclomaticComplexity="0" maxCrapScore="0" minCrapScore="0" visitedClasses="0" numClasses="0" visitedMethods="1" numMethods="1" />
              <MetadataToken>100663345</MetadataToken>
              <Name>System.Void Spawner::ClearAsteroids()</Name>
              <FileRef uid="9" />
              <SequencePoints>
                <SequencePoint vc="1" uspid="751" ordinal="0" offset="0" sl="152" sc="5" el="152" ec="5" bec="0" bev="0" fileid="9" />
                <SequencePoint vc="1" uspid="752" ordinal="0" offset="1" sl="153" sc="9" el="153" ec="9" bec="0" bev="0" fileid="9" />
                <SequencePoint vc="1" uspid="753" ordinal="0" offset="13" sl="154" sc="5" el="154" ec="5" bec="0" bev="0" fileid="9" />
              </SequencePoints>
              <BranchPoints />
            </Method>
          </Methods>
        </Class>
        <Class>
          <Summary numSequencePoints="2" visitedSequencePoints="2" numBranchPoints="0" visitedBranchPoints="0" sequenceCoverage="100.0" branchCoverage="0.0" maxCyclomaticComplexity="0" minCyclomaticComplexity="0" maxCrapScore="0" minCrapScore="0" visitedClasses="1" numClasses="1" visitedMethods="1" numMethods="1" />
          <FullName>SpeedPickup</FullName>
          <Methods>
            <Method visited="true" cyclomaticComplexity="0" nPathComplexity="0" sequenceCoverage="100.0" branchCoverage="0" crapScore="0" isConstructor="true" isStatic="false" isGetter="false" isSetter="false">
              <Summary numSequencePoints="2" visitedSequencePoints="2" numBranchPoints="0" visitedBranchPoints="0" sequenceCoverage="100.0" branchCoverage="0" maxCyclomaticComplexity="0" minCyclomaticComplexity="0" maxCrapScore="0" minCrapScore="0" visitedClasses="0" numClasses="0" visitedMethods="1" numMethods="1" />
              <MetadataToken>100663352</MetadataToken>
              <Name>SpeedPickup::SpeedPickup()</Name>
              <FileRef uid="10" />
              <SequencePoints>
                <SequencePoint vc="1" uspid="772" ordinal="0" offset="0" sl="7" sc="5" el="7" ec="5" bec="0" bev="0" fileid="10" />
                <SequencePoint vc="1" uspid="773" ordinal="0" offset="11" sl="8" sc="5" el="8" ec="5" bec="0" bev="0" fileid="10" />
              </SequencePoints>
              <BranchPoints />
            </Method>
          </Methods>
        </Class>
        <Class>
          <Summary numSequencePoints="6" visitedSequencePoints="6" numBranchPoints="0" visitedBranchPoints="0" sequenceCoverage="100.0" branchCoverage="0.0" maxCyclomaticComplexity="0" minCyclomaticComplexity="0" maxCrapScore="0" minCrapScore="0" visitedClasses="1" numClasses="1" visitedMethods="1" numMethods="1" />
          <FullName>Spawner/&lt;Spawn&gt;d__14</FullName>
          <Methods>
            <Method visited="true" cyclomaticComplexity="0" nPathComplexity="0" sequenceCoverage="100.0" branchCoverage="0" crapScore="0" isConstructor="false" isStatic="false" isGetter="false" isSetter="false">
              <Summary numSequencePoints="6" visitedSequencePoints="6" numBranchPoints="0" visitedBranchPoints="0" sequenceCoverage="100.0" branchCoverage="0" maxCyclomaticComplexity="0" minCyclomaticComplexity="0" maxCrapScore="0" minCrapScore="0" visitedClasses="0" numClasses="0" visitedMethods="1" numMethods="1" />
              <MetadataToken>100663369</MetadataToken>
              <Name>System.Boolean Spawner/&lt;Spawn&gt;d__14::MoveNext()</Name>
              <FileRef uid="9" />
              <SequencePoints>
                <SequencePoint vc="1" uspid="787" ordinal="0" offset="31" sl="88" sc="5" el="88" ec="5" bec="0" bev="0" fileid="9" />
                <SequencePoint vc="8" uspid="788" ordinal="0" offset="34" sl="90" sc="9" el="90" ec="9" bec="0" bev="0" fileid="9" />
                <SequencePoint vc="8" uspid="789" ordinal="0" offset="35" sl="91" sc="13" el="91" ec="13" bec="0" bev="0" fileid="9" />
                <SequencePoint vc="7" uspid="790" ordinal="0" offset="67" sl="92" sc="13" el="92" ec="13" bec="0" bev="0" fileid="9" />
                <SequencePoint vc="7" uspid="791" ordinal="0" offset="79" sl="93" sc="9" el="93" ec="9" bec="0" bev="0" fileid="9" />
                <SequencePoint vc="8" uspid="792" ordinal="0" offset="80" sl="89" sc="9" el="89" ec="9" bec="0" bev="0" fileid="9" />
              </SequencePoints>
              <BranchPoints />
            </Method>
          </Methods>
        </Class>
        <Class>
          <Summary numSequencePoints="6" visitedSequencePoints="6" numBranchPoints="0" visitedBranchPoints="0" sequenceCoverage="100.0" branchCoverage="0.0" maxCyclomaticComplexity="0" minCyclomaticComplexity="0" maxCrapScore="0" minCrapScore="0" visitedClasses="1" numClasses="1" visitedMethods="1" numMethods="1" />
          <FullName>Spawner/&lt;SpawnShieldPickups&gt;d__11</FullName>
          <Methods>
            <Method visited="true" cyclomaticComplexity="0" nPathComplexity="0" sequenceCoverage="100.0" branchCoverage="0" crapScore="0" isConstructor="false" isStatic="false" isGetter="false" isSetter="false">
              <Summary numSequencePoints="6" visitedSequencePoints="6" numBranchPoints="0" visitedBranchPoints="0" sequenceCoverage="100.0" branchCoverage="0" maxCyclomaticComplexity="0" minCyclomaticComplexity="0" maxCrapScore="0" minCrapScore="0" visitedClasses="0" numClasses="0" visitedMethods="1" numMethods="1" />
              <MetadataToken>100663375</MetadataToken>
              <Name>System.Boolean Spawner/&lt;SpawnShieldPickups&gt;d__11::MoveNext()</Name>
              <FileRef uid="9" />
              <SequencePoints>
                <SequencePoint vc="1" uspid="793" ordinal="0" offset="31" sl="67" sc="5" el="67" ec="5" bec="0" bev="0" fileid="9" />
                <SequencePoint vc="2" uspid="794" ordinal="0" offset="34" sl="69" sc="9" el="69" ec="9" bec="0" bev="0" fileid="9" />
                <SequencePoint vc="2" uspid="795" ordinal="0" offset="35" sl="70" sc="13" el="70" ec="13" bec="0" bev="0" fileid="9" />
                <SequencePoint vc="1" uspid="796" ordinal="0" offset="67" sl="71" sc="13" el="71" ec="13" bec="0" bev="0" fileid="9" />
                <SequencePoint vc="1" uspid="797" ordinal="0" offset="79" sl="72" sc="9" el="72" ec="9" bec="0" bev="0" fileid="9" />
                <SequencePoint vc="2" uspid="798" ordinal="0" offset="80" sl="68" sc="9" el="68" ec="9" bec="0" bev="0" fileid="9" />
              </SequencePoints>
              <BranchPoints />
            </Method>
          </Methods>
        </Class>
        <Class>
          <Summary numSequencePoints="6" visitedSequencePoints="4" numBranchPoints="0" visitedBranchPoints="0" sequenceCoverage="66.67" branchCoverage="0.0" maxCyclomaticComplexity="0" minCyclomaticComplexity="0" maxCrapScore="0" minCrapScore="0" visitedClasses="1" numClasses="1" visitedMethods="1" numMethods="1" />
          <FullName>Spawner/&lt;SpawnSpeedPickups&gt;d__15</FullName>
          <Methods>
            <Method visited="true" cyclomaticComplexity="0" nPathComplexity="0" sequenceCoverage="66.67" branchCoverage="0" crapScore="0" isConstructor="false" isStatic="false" isGetter="false" isSetter="false">
              <Summary numSequencePoints="6" visitedSequencePoints="4" numBranchPoints="0" visitedBranchPoints="0" sequenceCoverage="66.67" branchCoverage="0" maxCyclomaticComplexity="0" minCyclomaticComplexity="0" maxCrapScore="0" minCrapScore="0" visitedClasses="0" numClasses="0" visitedMethods="1" numMethods="1" />
              <MetadataToken>100663381</MetadataToken>
              <Name>System.Boolean Spawner/&lt;SpawnSpeedPickups&gt;d__15::MoveNext()</Name>
              <FileRef uid="9" />
              <SequencePoints>
                <SequencePoint vc="1" uspid="799" ordinal="0" offset="31" sl="97" sc="5" el="97" ec="5" bec="0" bev="0" fileid="9" />
                <SequencePoint vc="1" uspid="800" ordinal="0" offset="34" sl="99" sc="9" el="99" ec="9" bec="0" bev="0" fileid="9" />
                <SequencePoint vc="1" uspid="801" ordinal="0" offset="35" sl="100" sc="13" el="100" ec="13" bec="0" bev="0" fileid="9" />
                <SequencePoint vc="0" uspid="802" ordinal="0" offset="67" sl="101" sc="13" el="101" ec="13" bec="0" bev="0" fileid="9" />
                <SequencePoint vc="0" uspid="803" ordinal="0" offset="79" sl="102" sc="9" el="102" ec="9" bec="0" bev="0" fileid="9" />
                <SequencePoint vc="1" uspid="804" ordinal="0" offset="80" sl="98" sc="9" el="98" ec="9" bec="0" bev="0" fileid="9" />
              </SequencePoints>
              <BranchPoints />
            </Method>
          </Methods>
        </Class>
      </Classes>
    </Module>
  </Modules>
</CoverageSession>