<?xml version="1.0" encoding="utf-8"?>
<CoverageSession xmlns:xsd="http://www.w3.org/2001/XMLSchema" xmlns:xsi="http://www.w3.org/2001/XMLSchema-instance" Version="0.0.0.0">
  <Summary numSequencePoints="292" visitedSequencePoints="264" numBranchPoints="0" visitedBranchPoints="0" sequenceCoverage="90.41" branchCoverage="0.0" maxCyclomaticComplexity="0" minCyclomaticComplexity="0" maxCrapScore="0" minCrapScore="0" visitedClasses="21" numClasses="21" visitedMethods="51" numMethods="51" />
  <Modules>
    <Module>
      <Summary numSequencePoints="91" visitedSequencePoints="90" numBranchPoints="0" visitedBranchPoints="0" sequenceCoverage="98.90" branchCoverage="0.0" maxCyclomaticComplexity="0" minCyclomaticComplexity="0" maxCrapScore="0" minCrapScore="0" visitedClasses="13" numClasses="13" visitedMethods="15" numMethods="15" />
      <ModuleTime>0001-01-01T00:00:00</ModuleTime>
      <ModuleName>Tests</ModuleName>
      <Files>
        <File uid="1" fullPath="C:/Users/gameuser/Desktop/Desktopfolder/Crashteroids_C00270917_C00273123/starter/Assets/Tests/TestSuite.cs" />
      </Files>
      <Classes>
        <Class>
          <Summary numSequencePoints="12" visitedSequencePoints="12" numBranchPoints="0" visitedBranchPoints="0" sequenceCoverage="100.0" branchCoverage="0.0" maxCyclomaticComplexity="0" minCyclomaticComplexity="0" maxCrapScore="0" minCrapScore="0" visitedClasses="1" numClasses="1" visitedMethods="3" numMethods="3" />
          <FullName>TestSuite</FullName>
          <Methods>
            <Method visited="true" cyclomaticComplexity="0" nPathComplexity="0" sequenceCoverage="100.0" branchCoverage="0" crapScore="0" isConstructor="false" isStatic="false" isGetter="false" isSetter="false">
              <Summary numSequencePoints="4" visitedSequencePoints="4" numBranchPoints="0" visitedBranchPoints="0" sequenceCoverage="100.0" branchCoverage="0" maxCyclomaticComplexity="0" minCyclomaticComplexity="0" maxCrapScore="0" minCrapScore="0" visitedClasses="0" numClasses="0" visitedMethods="1" numMethods="1" />
              <MetadataToken>100663297</MetadataToken>
              <Name>System.Void TestSuite::Setup()</Name>
              <FileRef uid="1" />
              <SequencePoints>
                <SequencePoint vc="13" uspid="316" ordinal="0" offset="0" sl="13" sc="5" el="13" ec="5" bec="0" bev="0" fileid="1" />
                <SequencePoint vc="13" uspid="317" ordinal="0" offset="1" sl="14" sc="9" el="14" ec="9" bec="0" bev="0" fileid="1" />
                <SequencePoint vc="13" uspid="318" ordinal="0" offset="17" sl="16" sc="9" el="16" ec="9" bec="0" bev="0" fileid="1" />
                <SequencePoint vc="13" uspid="319" ordinal="0" offset="29" sl="17" sc="5" el="17" ec="5" bec="0" bev="0" fileid="1" />
              </SequencePoints>
              <BranchPoints />
            </Method>
            <Method visited="true" cyclomaticComplexity="0" nPathComplexity="0" sequenceCoverage="100.0" branchCoverage="0" crapScore="0" isConstructor="false" isStatic="false" isGetter="false" isSetter="false">
              <Summary numSequencePoints="3" visitedSequencePoints="3" numBranchPoints="0" visitedBranchPoints="0" sequenceCoverage="100.0" branchCoverage="0" maxCyclomaticComplexity="0" minCyclomaticComplexity="0" maxCrapScore="0" minCrapScore="0" visitedClasses="0" numClasses="0" visitedMethods="1" numMethods="1" />
              <MetadataToken>100663298</MetadataToken>
              <Name>System.Void TestSuite::TearDown()</Name>
              <FileRef uid="1" />
              <SequencePoints>
                <SequencePoint vc="13" uspid="320" ordinal="0" offset="0" sl="21" sc="5" el="21" ec="5" bec="0" bev="0" fileid="1" />
                <SequencePoint vc="13" uspid="321" ordinal="0" offset="1" sl="22" sc="9" el="22" ec="9" bec="0" bev="0" fileid="1" />
                <SequencePoint vc="13" uspid="322" ordinal="0" offset="18" sl="23" sc="5" el="23" ec="5" bec="0" bev="0" fileid="1" />
              </SequencePoints>
              <BranchPoints />
            </Method>
            <Method visited="true" cyclomaticComplexity="0" nPathComplexity="0" sequenceCoverage="100.0" branchCoverage="0" crapScore="0" isConstructor="false" isStatic="false" isGetter="false" isSetter="false">
              <Summary numSequencePoints="5" visitedSequencePoints="5" numBranchPoints="0" visitedBranchPoints="0" sequenceCoverage="100.0" branchCoverage="0" maxCyclomaticComplexity="0" minCyclomaticComplexity="0" maxCrapScore="0" minCrapScore="0" visitedClasses="0" numClasses="0" visitedMethods="1" numMethods="1" />
              <MetadataToken>100663301</MetadataToken>
              <Name>System.Void TestSuite::NewGameRestartsGame()</Name>
              <FileRef uid="1" />
              <SequencePoints>
                <SequencePoint vc="1" uspid="323" ordinal="0" offset="0" sl="46" sc="5" el="46" ec="5" bec="0" bev="0" fileid="1" />
                <SequencePoint vc="1" uspid="324" ordinal="0" offset="1" sl="48" sc="9" el="48" ec="9" bec="0" bev="0" fileid="1" />
                <SequencePoint vc="1" uspid="325" ordinal="0" offset="13" sl="49" sc="9" el="49" ec="9" bec="0" bev="0" fileid="1" />
                <SequencePoint vc="1" uspid="326" ordinal="0" offset="25" sl="51" sc="9" el="51" ec="9" bec="0" bev="0" fileid="1" />
                <SequencePoint vc="1" uspid="327" ordinal="0" offset="42" sl="52" sc="5" el="52" ec="5" bec="0" bev="0" fileid="1" />
              </SequencePoints>
              <BranchPoints />
            </Method>
          </Methods>
        </Class>
        <Class>
          <Summary numSequencePoints="6" visitedSequencePoints="6" numBranchPoints="0" visitedBranchPoints="0" sequenceCoverage="100.0" branchCoverage="0.0" maxCyclomaticComplexity="0" minCyclomaticComplexity="0" maxCrapScore="0" minCrapScore="0" visitedClasses="1" numClasses="1" visitedMethods="1" numMethods="1" />
          <FullName>TestSuite/&lt;AsteroidsMoveDown&gt;d__3</FullName>
          <Methods>
            <Method visited="true" cyclomaticComplexity="0" nPathComplexity="0" sequenceCoverage="100.0" branchCoverage="0" crapScore="0" isConstructor="false" isStatic="false" isGetter="false" isSetter="false">
              <Summary numSequencePoints="6" visitedSequencePoints="6" numBranchPoints="0" visitedBranchPoints="0" sequenceCoverage="100.0" branchCoverage="0" maxCyclomaticComplexity="0" minCyclomaticComplexity="0" maxCrapScore="0" minCrapScore="0" visitedClasses="0" numClasses="0" visitedMethods="1" numMethods="1" />
              <MetadataToken>100663317</MetadataToken>
              <Name>System.Boolean TestSuite/&lt;AsteroidsMoveDown&gt;d__3::MoveNext()</Name>
              <FileRef uid="1" />
              <SequencePoints>
                <SequencePoint vc="1" uspid="328" ordinal="0" offset="31" sl="27" sc="5" el="27" ec="5" bec="0" bev="0" fileid="1" />
                <SequencePoint vc="1" uspid="329" ordinal="0" offset="32" sl="28" sc="9" el="28" ec="9" bec="0" bev="0" fileid="1" />
                <SequencePoint vc="1" uspid="330" ordinal="0" offset="59" sl="29" sc="9" el="29" ec="9" bec="0" bev="0" fileid="1" />
                <SequencePoint vc="1" uspid="331" ordinal="0" offset="86" sl="30" sc="9" el="30" ec="9" bec="0" bev="0" fileid="1" />
                <SequencePoint vc="1" uspid="332" ordinal="0" offset="118" sl="31" sc="9" el="31" ec="9" bec="0" bev="0" fileid="1" />
                <SequencePoint vc="1" uspid="333" ordinal="0" offset="151" sl="32" sc="5" el="32" ec="5" bec="0" bev="0" fileid="1" />
              </SequencePoints>
              <BranchPoints />
            </Method>
          </Methods>
        </Class>
        <Class>
          <Summary numSequencePoints="8" visitedSequencePoints="8" numBranchPoints="0" visitedBranchPoints="0" sequenceCoverage="100.0" branchCoverage="0.0" maxCyclomaticComplexity="0" minCyclomaticComplexity="0" maxCrapScore="0" minCrapScore="0" visitedClasses="1" numClasses="1" visitedMethods="1" numMethods="1" />
          <FullName>TestSuite/&lt;DestroyedAsteroidRaisesScore&gt;d__8</FullName>
          <Methods>
            <Method visited="true" cyclomaticComplexity="0" nPathComplexity="0" sequenceCoverage="100.0" branchCoverage="0" crapScore="0" isConstructor="false" isStatic="false" isGetter="false" isSetter="false">
              <Summary numSequencePoints="8" visitedSequencePoints="8" numBranchPoints="0" visitedBranchPoints="0" sequenceCoverage="100.0" branchCoverage="0" maxCyclomaticComplexity="0" minCyclomaticComplexity="0" maxCrapScore="0" minCrapScore="0" visitedClasses="0" numClasses="0" visitedMethods="1" numMethods="1" />
              <MetadataToken>100663323</MetadataToken>
              <Name>System.Boolean TestSuite/&lt;DestroyedAsteroidRaisesScore&gt;d__8::MoveNext()</Name>
              <FileRef uid="1" />
              <SequencePoints>
                <SequencePoint vc="1" uspid="334" ordinal="0" offset="34" sl="81" sc="5" el="81" ec="5" bec="0" bev="0" fileid="1" />
                <SequencePoint vc="1" uspid="335" ordinal="0" offset="35" sl="83" sc="9" el="83" ec="9" bec="0" bev="0" fileid="1" />
                <SequencePoint vc="1" uspid="336" ordinal="0" offset="62" sl="84" sc="9" el="84" ec="9" bec="0" bev="0" fileid="1" />
                <SequencePoint vc="1" uspid="337" ordinal="0" offset="84" sl="85" sc="9" el="85" ec="9" bec="0" bev="0" fileid="1" />
                <SequencePoint vc="1" uspid="338" ordinal="0" offset="111" sl="86" sc="9" el="86" ec="9" bec="0" bev="0" fileid="1" />
                <SequencePoint vc="1" uspid="339" ordinal="0" offset="133" sl="87" sc="9" el="87" ec="9" bec="0" bev="0" fileid="1" />
                <SequencePoint vc="1" uspid="340" ordinal="0" offset="165" sl="89" sc="9" el="89" ec="9" bec="0" bev="0" fileid="1" />
                <SequencePoint vc="1" uspid="341" ordinal="0" offset="198" sl="90" sc="5" el="90" ec="5" bec="0" bev="0" fileid="1" />
              </SequencePoints>
              <BranchPoints />
            </Method>
          </Methods>
        </Class>
        <Class>
          <Summary numSequencePoints="6" visitedSequencePoints="6" numBranchPoints="0" visitedBranchPoints="0" sequenceCoverage="100.0" branchCoverage="0.0" maxCyclomaticComplexity="0" minCyclomaticComplexity="0" maxCrapScore="0" minCrapScore="0" visitedClasses="1" numClasses="1" visitedMethods="1" numMethods="1" />
          <FullName>TestSuite/&lt;GameOverOccursOnAsteroidCollision&gt;d__4</FullName>
          <Methods>
            <Method visited="true" cyclomaticComplexity="0" nPathComplexity="0" sequenceCoverage="100.0" branchCoverage="0" crapScore="0" isConstructor="false" isStatic="false" isGetter="false" isSetter="false">
              <Summary numSequencePoints="6" visitedSequencePoints="6" numBranchPoints="0" visitedBranchPoints="0" sequenceCoverage="100.0" branchCoverage="0" maxCyclomaticComplexity="0" minCyclomaticComplexity="0" maxCrapScore="0" minCrapScore="0" visitedClasses="0" numClasses="0" visitedMethods="1" numMethods="1" />
              <MetadataToken>100663329</MetadataToken>
              <Name>System.Boolean TestSuite/&lt;GameOverOccursOnAsteroidCollision&gt;d__4::MoveNext()</Name>
              <FileRef uid="1" />
              <SequencePoints>
                <SequencePoint vc="1" uspid="342" ordinal="0" offset="31" sl="36" sc="5" el="36" ec="5" bec="0" bev="0" fileid="1" />
                <SequencePoint vc="1" uspid="343" ordinal="0" offset="32" sl="37" sc="9" el="37" ec="9" bec="0" bev="0" fileid="1" />
                <SequencePoint vc="1" uspid="344" ordinal="0" offset="59" sl="38" sc="9" el="38" ec="9" bec="0" bev="0" fileid="1" />
                <SequencePoint vc="1" uspid="345" ordinal="0" offset="102" sl="39" sc="9" el="39" ec="9" bec="0" bev="0" fileid="1" />
                <SequencePoint vc="1" uspid="346" ordinal="0" offset="134" sl="40" sc="9" el="40" ec="9" bec="0" bev="0" fileid="1" />
                <SequencePoint vc="1" uspid="347" ordinal="0" offset="156" sl="41" sc="5" el="41" ec="5" bec="0" bev="0" fileid="1" />
              </SequencePoints>
              <BranchPoints />
            </Method>
          </Methods>
        </Class>
        <Class>
          <Summary numSequencePoints="8" visitedSequencePoints="8" numBranchPoints="0" visitedBranchPoints="0" sequenceCoverage="100.0" branchCoverage="0.0" maxCyclomaticComplexity="0" minCyclomaticComplexity="0" maxCrapScore="0" minCrapScore="0" visitedClasses="1" numClasses="1" visitedMethods="1" numMethods="1" />
          <FullName>TestSuite/&lt;LaserDestroysAsteroid&gt;d__7</FullName>
          <Methods>
            <Method visited="true" cyclomaticComplexity="0" nPathComplexity="0" sequenceCoverage="100.0" branchCoverage="0" crapScore="0" isConstructor="false" isStatic="false" isGetter="false" isSetter="false">
              <Summary numSequencePoints="8" visitedSequencePoints="8" numBranchPoints="0" visitedBranchPoints="0" sequenceCoverage="100.0" branchCoverage="0" maxCyclomaticComplexity="0" minCyclomaticComplexity="0" maxCrapScore="0" minCrapScore="0" visitedClasses="0" numClasses="0" visitedMethods="1" numMethods="1" />
              <MetadataToken>100663335</MetadataToken>
              <Name>System.Boolean TestSuite/&lt;LaserDestroysAsteroid&gt;d__7::MoveNext()</Name>
              <FileRef uid="1" />
              <SequencePoints>
                <SequencePoint vc="1" uspid="348" ordinal="0" offset="34" sl="68" sc="5" el="68" ec="5" bec="0" bev="0" fileid="1" />
                <SequencePoint vc="1" uspid="349" ordinal="0" offset="35" sl="70" sc="9" el="70" ec="9" bec="0" bev="0" fileid="1" />
                <SequencePoint vc="1" uspid="350" ordinal="0" offset="62" sl="71" sc="9" el="71" ec="9" bec="0" bev="0" fileid="1" />
                <SequencePoint vc="1" uspid="351" ordinal="0" offset="84" sl="72" sc="9" el="72" ec="9" bec="0" bev="0" fileid="1" />
                <SequencePoint vc="1" uspid="352" ordinal="0" offset="111" sl="73" sc="9" el="73" ec="9" bec="0" bev="0" fileid="1" />
                <SequencePoint vc="1" uspid="353" ordinal="0" offset="133" sl="74" sc="9" el="74" ec="9" bec="0" bev="0" fileid="1" />
                <SequencePoint vc="1" uspid="354" ordinal="0" offset="165" sl="76" sc="9" el="76" ec="9" bec="0" bev="0" fileid="1" />
                <SequencePoint vc="1" uspid="355" ordinal="0" offset="177" sl="77" sc="5" el="77" ec="5" bec="0" bev="0" fileid="1" />
              </SequencePoints>
              <BranchPoints />
            </Method>
          </Methods>
        </Class>
        <Class>
          <Summary numSequencePoints="6" visitedSequencePoints="6" numBranchPoints="0" visitedBranchPoints="0" sequenceCoverage="100.0" branchCoverage="0.0" maxCyclomaticComplexity="0" minCyclomaticComplexity="0" maxCrapScore="0" minCrapScore="0" visitedClasses="1" numClasses="1" visitedMethods="1" numMethods="1" />
          <FullName>TestSuite/&lt;LaserMovesUp&gt;d__6</FullName>
          <Methods>
            <Method visited="true" cyclomaticComplexity="0" nPathComplexity="0" sequenceCoverage="100.0" branchCoverage="0" crapScore="0" isConstructor="false" isStatic="false" isGetter="false" isSetter="false">
              <Summary numSequencePoints="6" visitedSequencePoints="6" numBranchPoints="0" visitedBranchPoints="0" sequenceCoverage="100.0" branchCoverage="0" maxCyclomaticComplexity="0" minCyclomaticComplexity="0" maxCrapScore="0" minCrapScore="0" visitedClasses="0" numClasses="0" visitedMethods="1" numMethods="1" />
              <MetadataToken>100663341</MetadataToken>
              <Name>System.Boolean TestSuite/&lt;LaserMovesUp&gt;d__6::MoveNext()</Name>
              <FileRef uid="1" />
              <SequencePoints>
                <SequencePoint vc="1" uspid="356" ordinal="0" offset="31" sl="56" sc="5" el="56" ec="5" bec="0" bev="0" fileid="1" />
                <SequencePoint vc="1" uspid="357" ordinal="0" offset="32" sl="58" sc="9" el="58" ec="9" bec="0" bev="0" fileid="1" />
                <SequencePoint vc="1" uspid="358" ordinal="0" offset="59" sl="60" sc="9" el="60" ec="9" bec="0" bev="0" fileid="1" />
                <SequencePoint vc="1" uspid="359" ordinal="0" offset="86" sl="61" sc="9" el="61" ec="9" bec="0" bev="0" fileid="1" />
                <SequencePoint vc="1" uspid="360" ordinal="0" offset="118" sl="63" sc="9" el="63" ec="9" bec="0" bev="0" fileid="1" />
                <SequencePoint vc="1" uspid="361" ordinal="0" offset="151" sl="64" sc="5" el="64" ec="5" bec="0" bev="0" fileid="1" />
              </SequencePoints>
              <BranchPoints />
            </Method>
          </Methods>
        </Class>
        <Class>
          <Summary numSequencePoints="7" visitedSequencePoints="7" numBranchPoints="0" visitedBranchPoints="0" sequenceCoverage="100.0" branchCoverage="0.0" maxCyclomaticComplexity="0" minCyclomaticComplexity="0" maxCrapScore="0" minCrapScore="0" visitedClasses="1" numClasses="1" visitedMethods="1" numMethods="1" />
          <FullName>TestSuite/&lt;ShipMovesLeft&gt;d__9</FullName>
          <Methods>
            <Method visited="true" cyclomaticComplexity="0" nPathComplexity="0" sequenceCoverage="100.0" branchCoverage="0" crapScore="0" isConstructor="false" isStatic="false" isGetter="false" isSetter="false">
              <Summary numSequencePoints="7" visitedSequencePoints="7" numBranchPoints="0" visitedBranchPoints="0" sequenceCoverage="100.0" branchCoverage="0" maxCyclomaticComplexity="0" minCyclomaticComplexity="0" maxCrapScore="0" minCrapScore="0" visitedClasses="0" numClasses="0" visitedMethods="1" numMethods="1" />
              <MetadataToken>100663347</MetadataToken>
              <Name>System.Boolean TestSuite/&lt;ShipMovesLeft&gt;d__9::MoveNext()</Name>
              <FileRef uid="1" />
              <SequencePoints>
                <SequencePoint vc="1" uspid="362" ordinal="0" offset="31" sl="94" sc="5" el="94" ec="5" bec="0" bev="0" fileid="1" />
                <SequencePoint vc="1" uspid="363" ordinal="0" offset="32" sl="96" sc="9" el="96" ec="9" bec="0" bev="0" fileid="1" />
                <SequencePoint vc="1" uspid="364" ordinal="0" offset="59" sl="97" sc="9" el="97" ec="9" bec="0" bev="0" fileid="1" />
                <SequencePoint vc="1" uspid="365" ordinal="0" offset="81" sl="99" sc="9" el="99" ec="9" bec="0" bev="0" fileid="1" />
                <SequencePoint vc="1" uspid="366" ordinal="0" offset="98" sl="100" sc="9" el="100" ec="9" bec="0" bev="0" fileid="1" />
                <SequencePoint vc="1" uspid="367" ordinal="0" offset="130" sl="102" sc="9" el="102" ec="9" bec="0" bev="0" fileid="1" />
                <SequencePoint vc="1" uspid="368" ordinal="0" offset="168" sl="103" sc="5" el="103" ec="5" bec="0" bev="0" fileid="1" />
              </SequencePoints>
              <BranchPoints />
            </Method>
          </Methods>
        </Class>
        <Class>
          <Summary numSequencePoints="7" visitedSequencePoints="7" numBranchPoints="0" visitedBranchPoints="0" sequenceCoverage="100.0" branchCoverage="0.0" maxCyclomaticComplexity="0" minCyclomaticComplexity="0" maxCrapScore="0" minCrapScore="0" visitedClasses="1" numClasses="1" visitedMethods="1" numMethods="1" />
          <FullName>TestSuite/&lt;ShipStaysInLimits&gt;d__10</FullName>
          <Methods>
            <Method visited="true" cyclomaticComplexity="0" nPathComplexity="0" sequenceCoverage="100.0" branchCoverage="0" crapScore="0" isConstructor="false" isStatic="false" isGetter="false" isSetter="false">
              <Summary numSequencePoints="7" visitedSequencePoints="7" numBranchPoints="0" visitedBranchPoints="0" sequenceCoverage="100.0" branchCoverage="0" maxCyclomaticComplexity="0" minCyclomaticComplexity="0" maxCrapScore="0" minCrapScore="0" visitedClasses="0" numClasses="0" visitedMethods="1" numMethods="1" />
              <MetadataToken>100663353</MetadataToken>
              <Name>System.Boolean TestSuite/&lt;ShipStaysInLimits&gt;d__10::MoveNext()</Name>
              <FileRef uid="1" />
              <SequencePoints>
                <SequencePoint vc="1" uspid="369" ordinal="0" offset="31" sl="107" sc="5" el="107" ec="5" bec="0" bev="0" fileid="1" />
                <SequencePoint vc="1" uspid="370" ordinal="0" offset="32" sl="108" sc="9" el="108" ec="9" bec="0" bev="0" fileid="1" />
                <SequencePoint vc="1" uspid="371" ordinal="0" offset="59" sl="109" sc="9" el="109" ec="9" bec="0" bev="0" fileid="1" />
                <SequencePoint vc="1" uspid="372" ordinal="0" offset="106" sl="111" sc="9" el="111" ec="9" bec="0" bev="0" fileid="1" />
                <SequencePoint vc="1" uspid="373" ordinal="0" offset="123" sl="112" sc="9" el="112" ec="9" bec="0" bev="0" fileid="1" />
                <SequencePoint vc="1" uspid="374" ordinal="0" offset="155" sl="114" sc="9" el="114" ec="9" bec="0" bev="0" fileid="1" />
                <SequencePoint vc="1" uspid="375" ordinal="0" offset="187" sl="115" sc="5" el="115" ec="5" bec="0" bev="0" fileid="1" />
              </SequencePoints>
              <BranchPoints />
            </Method>
          </Methods>
        </Class>
        <Class>
          <Summary numSequencePoints="7" visitedSequencePoints="7" numBranchPoints="0" visitedBranchPoints="0" sequenceCoverage="100.0" branchCoverage="0.0" maxCyclomaticComplexity="0" minCyclomaticComplexity="0" maxCrapScore="0" minCrapScore="0" visitedClasses="1" numClasses="1" visitedMethods="1" numMethods="1" />
          <FullName>TestSuite/&lt;SpeedPickuRandom&gt;d__13</FullName>
          <Methods>
            <Method visited="true" cyclomaticComplexity="0" nPathComplexity="0" sequenceCoverage="100.0" branchCoverage="0" crapScore="0" isConstructor="false" isStatic="false" isGetter="false" isSetter="false">
              <Summary numSequencePoints="7" visitedSequencePoints="7" numBranchPoints="0" visitedBranchPoints="0" sequenceCoverage="100.0" branchCoverage="0" maxCyclomaticComplexity="0" minCyclomaticComplexity="0" maxCrapScore="0" minCrapScore="0" visitedClasses="0" numClasses="0" visitedMethods="1" numMethods="1" />
              <MetadataToken>100663359</MetadataToken>
              <Name>System.Boolean TestSuite/&lt;SpeedPickuRandom&gt;d__13::MoveNext()</Name>
              <FileRef uid="1" />
              <SequencePoints>
                <SequencePoint vc="1" uspid="376" ordinal="0" offset="31" sl="187" sc="5" el="187" ec="5" bec="0" bev="0" fileid="1" />
                <SequencePoint vc="1" uspid="377" ordinal="0" offset="32" sl="188" sc="9" el="188" ec="9" bec="0" bev="0" fileid="1" />
                <SequencePoint vc="1" uspid="378" ordinal="0" offset="54" sl="189" sc="9" el="189" ec="9" bec="0" bev="0" fileid="1" />
                <SequencePoint vc="1" uspid="379" ordinal="0" offset="76" sl="190" sc="9" el="190" ec="9" bec="0" bev="0" fileid="1" />
                <SequencePoint vc="1" uspid="380" ordinal="0" offset="87" sl="191" sc="9" el="191" ec="9" bec="0" bev="0" fileid="1" />
                <SequencePoint vc="1" uspid="381" ordinal="0" offset="119" sl="192" sc="9" el="192" ec="9" bec="0" bev="0" fileid="1" />
                <SequencePoint vc="1" uspid="382" ordinal="0" offset="171" sl="193" sc="5" el="193" ec="5" bec="0" bev="0" fileid="1" />
              </SequencePoints>
              <BranchPoints />
            </Method>
          </Methods>
        </Class>
        <Class>
          <Summary numSequencePoints="7" visitedSequencePoints="6" numBranchPoints="0" visitedBranchPoints="0" sequenceCoverage="85.71" branchCoverage="0.0" maxCyclomaticComplexity="0" minCyclomaticComplexity="0" maxCrapScore="0" minCrapScore="0" visitedClasses="1" numClasses="1" visitedMethods="1" numMethods="1" />
          <FullName>TestSuite/&lt;SpeedPickupMovesDown&gt;d__14</FullName>
          <Methods>
            <Method visited="true" cyclomaticComplexity="0" nPathComplexity="0" sequenceCoverage="85.71" branchCoverage="0" crapScore="0" isConstructor="false" isStatic="false" isGetter="false" isSetter="false">
              <Summary numSequencePoints="7" visitedSequencePoints="6" numBranchPoints="0" visitedBranchPoints="0" sequenceCoverage="85.71" branchCoverage="0" maxCyclomaticComplexity="0" minCyclomaticComplexity="0" maxCrapScore="0" minCrapScore="0" visitedClasses="0" numClasses="0" visitedMethods="1" numMethods="1" />
              <MetadataToken>100663365</MetadataToken>
              <Name>System.Boolean TestSuite/&lt;SpeedPickupMovesDown&gt;d__14::MoveNext()</Name>
              <FileRef uid="1" />
              <SequencePoints>
                <SequencePoint vc="1" uspid="383" ordinal="0" offset="31" sl="198" sc="5" el="198" ec="5" bec="0" bev="0" fileid="1" />
                <SequencePoint vc="1" uspid="384" ordinal="0" offset="32" sl="199" sc="9" el="199" ec="9" bec="0" bev="0" fileid="1" />
                <SequencePoint vc="1" uspid="385" ordinal="0" offset="54" sl="200" sc="9" el="200" ec="9" bec="0" bev="0" fileid="1" />
                <SequencePoint vc="1" uspid="386" ordinal="0" offset="70" sl="201" sc="9" el="201" ec="9" bec="0" bev="0" fileid="1" />
                <SequencePoint vc="1" uspid="387" ordinal="0" offset="97" sl="202" sc="9" el="202" ec="9" bec="0" bev="0" fileid="1" />
                <SequencePoint vc="1" uspid="388" ordinal="0" offset="129" sl="203" sc="9" el="203" ec="9" bec="0" bev="0" fileid="1" />
                <SequencePoint vc="0" uspid="389" ordinal="0" offset="162" sl="204" sc="5" el="204" ec="5" bec="0" bev="0" fileid="1" />
              </SequencePoints>
              <BranchPoints />
            </Method>
          </Methods>
        </Class>
        <Class>
          <Summary numSequencePoints="6" visitedSequencePoints="6" numBranchPoints="0" visitedBranchPoints="0" sequenceCoverage="100.0" branchCoverage="0.0" maxCyclomaticComplexity="0" minCyclomaticComplexity="0" maxCrapScore="0" minCrapScore="0" visitedClasses="1" numClasses="1" visitedMethods="1" numMethods="1" />
          <FullName>TestSuite/&lt;SpeedPickupSpawns&gt;d__12</FullName>
          <Methods>
            <Method visited="true" cyclomaticComplexity="0" nPathComplexity="0" sequenceCoverage="100.0" branchCoverage="0" crapScore="0" isConstructor="false" isStatic="false" isGetter="false" isSetter="false">
              <Summary numSequencePoints="6" visitedSequencePoints="6" numBranchPoints="0" visitedBranchPoints="0" sequenceCoverage="100.0" branchCoverage="0" maxCyclomaticComplexity="0" minCyclomaticComplexity="0" maxCrapScore="0" minCrapScore="0" visitedClasses="0" numClasses="0" visitedMethods="1" numMethods="1" />
              <MetadataToken>100663371</MetadataToken>
              <Name>System.Boolean TestSuite/&lt;SpeedPickupSpawns&gt;d__12::MoveNext()</Name>
              <FileRef uid="1" />
              <SequencePoints>
                <SequencePoint vc="1" uspid="390" ordinal="0" offset="31" sl="177" sc="5" el="177" ec="5" bec="0" bev="0" fileid="1" />
                <SequencePoint vc="1" uspid="391" ordinal="0" offset="32" sl="178" sc="9" el="178" ec="9" bec="0" bev="0" fileid="1" />
                <SequencePoint vc="1" uspid="392" ordinal="0" offset="54" sl="179" sc="9" el="179" ec="9" bec="0" bev="0" fileid="1" />
                <SequencePoint vc="1" uspid="393" ordinal="0" offset="70" sl="180" sc="9" el="180" ec="9" bec="0" bev="0" fileid="1" />
                <SequencePoint vc="1" uspid="394" ordinal="0" offset="102" sl="181" sc="9" el="181" ec="9" bec="0" bev="0" fileid="1" />
                <SequencePoint vc="1" uspid="395" ordinal="0" offset="114" sl="182" sc="5" el="182" ec="5" bec="0" bev="0" fileid="1" />
              </SequencePoints>
              <BranchPoints />
            </Method>
          </Methods>
        </Class>
        <Class>
          <Summary numSequencePoints="6" visitedSequencePoints="6" numBranchPoints="0" visitedBranchPoints="0" sequenceCoverage="100.0" branchCoverage="0.0" maxCyclomaticComplexity="0" minCyclomaticComplexity="0" maxCrapScore="0" minCrapScore="0" visitedClasses="1" numClasses="1" visitedMethods="1" numMethods="1" />
          <FullName>TestSuite/&lt;SpeedPickupWareOff&gt;d__15</FullName>
          <Methods>
            <Method visited="true" cyclomaticComplexity="0" nPathComplexity="0" sequenceCoverage="100.0" branchCoverage="0" crapScore="0" isConstructor="false" isStatic="false" isGetter="false" isSetter="false">
              <Summary numSequencePoints="6" visitedSequencePoints="6" numBranchPoints="0" visitedBranchPoints="0" sequenceCoverage="100.0" branchCoverage="0" maxCyclomaticComplexity="0" minCyclomaticComplexity="0" maxCrapScore="0" minCrapScore="0" visitedClasses="0" numClasses="0" visitedMethods="1" numMethods="1" />
              <MetadataToken>100663377</MetadataToken>
              <Name>System.Boolean TestSuite/&lt;SpeedPickupWareOff&gt;d__15::MoveNext()</Name>
              <FileRef uid="1" />
              <SequencePoints>
                <SequencePoint vc="1" uspid="396" ordinal="0" offset="31" sl="219" sc="5" el="219" ec="5" bec="0" bev="0" fileid="1" />
                <SequencePoint vc="1" uspid="397" ordinal="0" offset="32" sl="220" sc="9" el="220" ec="9" bec="0" bev="0" fileid="1" />
                <SequencePoint vc="1" uspid="398" ordinal="0" offset="59" sl="221" sc="9" el="221" ec="9" bec="0" bev="0" fileid="1" />
                <SequencePoint vc="1" uspid="399" ordinal="0" offset="76" sl="222" sc="9" el="222" ec="9" bec="0" bev="0" fileid="1" />
                <SequencePoint vc="1" uspid="400" ordinal="0" offset="108" sl="223" sc="9" el="223" ec="9" bec="0" bev="0" fileid="1" />
                <SequencePoint vc="1" uspid="401" ordinal="0" offset="145" sl="224" sc="5" el="224" ec="5" bec="0" bev="0" fileid="1" />
              </SequencePoints>
              <BranchPoints />
            </Method>
          </Methods>
        </Class>
        <Class>
          <Summary numSequencePoints="5" visitedSequencePoints="5" numBranchPoints="0" visitedBranchPoints="0" sequenceCoverage="100.0" branchCoverage="0.0" maxCyclomaticComplexity="0" minCyclomaticComplexity="0" maxCrapScore="0" minCrapScore="0" visitedClasses="1" numClasses="1" visitedMethods="1" numMethods="1" />
          <FullName>TestSuite/&lt;StartingScore&gt;d__11</FullName>
          <Methods>
            <Method visited="true" cyclomaticComplexity="0" nPathComplexity="0" sequenceCoverage="100.0" branchCoverage="0" crapScore="0" isConstructor="false" isStatic="false" isGetter="false" isSetter="false">
              <Summary numSequencePoints="5" visitedSequencePoints="5" numBranchPoints="0" visitedBranchPoints="0" sequenceCoverage="100.0" branchCoverage="0" maxCyclomaticComplexity="0" minCyclomaticComplexity="0" maxCrapScore="0" minCrapScore="0" visitedClasses="0" numClasses="0" visitedMethods="1" numMethods="1" />
              <MetadataToken>100663383</MetadataToken>
              <Name>System.Boolean TestSuite/&lt;StartingScore&gt;d__11::MoveNext()</Name>
              <FileRef uid="1" />
              <SequencePoints>
                <SequencePoint vc="1" uspid="402" ordinal="0" offset="31" sl="169" sc="5" el="169" ec="5" bec="0" bev="0" fileid="1" />
                <SequencePoint vc="1" uspid="403" ordinal="0" offset="32" sl="170" sc="9" el="170" ec="9" bec="0" bev="0" fileid="1" />
                <SequencePoint vc="1" uspid="404" ordinal="0" offset="49" sl="171" sc="9" el="171" ec="9" bec="0" bev="0" fileid="1" />
                <SequencePoint vc="1" uspid="405" ordinal="0" offset="81" sl="172" sc="9" el="172" ec="9" bec="0" bev="0" fileid="1" />
                <SequencePoint vc="1" uspid="406" ordinal="0" offset="104" sl="173" sc="5" el="173" ec="5" bec="0" bev="0" fileid="1" />
              </SequencePoints>
              <BranchPoints />
            </Method>
          </Methods>
        </Class>
      </Classes>
    </Module>
    <Module>
      <Summary numSequencePoints="201" visitedSequencePoints="174" numBranchPoints="0" visitedBranchPoints="0" sequenceCoverage="86.57" branchCoverage="0.0" maxCyclomaticComplexity="0" minCyclomaticComplexity="0" maxCrapScore="0" minCrapScore="0" visitedClasses="8" numClasses="8" visitedMethods="36" numMethods="36" />
      <ModuleTime>0001-01-01T00:00:00</ModuleTime>
      <ModuleName>Ne</ModuleName>
      <Files>
        <File uid="2" fullPath="C:/Users/gameuser/Desktop/Desktopfolder/Crashteroids_C00270917_C00273123/starter/Assets/Scripts/Asteroid.cs" />
        <File uid="3" fullPath="C:/Users/gameuser/Desktop/Desktopfolder/Crashteroids_C00270917_C00273123/starter/Assets/Scripts/Game.cs" />
        <File uid="4" fullPath="C:/Users/gameuser/Desktop/Desktopfolder/Crashteroids_C00270917_C00273123/starter/Assets/Scripts/Laser.cs" />
        <File uid="5" fullPath="C:/Users/gameuser/Desktop/Desktopfolder/Crashteroids_C00270917_C00273123/starter/Assets/Scripts/Ship.cs" />
        <File uid="6" fullPath="C:/Users/gameuser/Desktop/Desktopfolder/Crashteroids_C00270917_C00273123/starter/Assets/Scripts/Spawner.cs" />
        <File uid="7" fullPath="C:/Users/gameuser/Desktop/Desktopfolder/Crashteroids_C00270917_C00273123/starter/Assets/Scripts/SpeedPickup.cs" />
      </Files>
      <Classes>
        <Class>
          <Summary numSequencePoints="19" visitedSequencePoints="19" numBranchPoints="0" visitedBranchPoints="0" sequenceCoverage="100.0" branchCoverage="0.0" maxCyclomaticComplexity="0" minCyclomaticComplexity="0" maxCrapScore="0" minCrapScore="0" visitedClasses="1" numClasses="1" visitedMethods="4" numMethods="4" />
          <FullName>Asteroid</FullName>
          <Methods>
            <Method visited="true" cyclomaticComplexity="0" nPathComplexity="0" sequenceCoverage="100.0" branchCoverage="0" crapScore="0" isConstructor="false" isStatic="false" isGetter="false" isSetter="false">
              <Summary numSequencePoints="3" visitedSequencePoints="3" numBranchPoints="0" visitedBranchPoints="0" sequenceCoverage="100.0" branchCoverage="0" maxCyclomaticComplexity="0" minCyclomaticComplexity="0" maxCrapScore="0" minCrapScore="0" visitedClasses="0" numClasses="0" visitedMethods="1" numMethods="1" />
              <MetadataToken>100663297</MetadataToken>
              <Name>System.Void Asteroid::Update()</Name>
              <FileRef uid="2" />
              <SequencePoints>
                <SequencePoint vc="833" uspid="407" ordinal="0" offset="0" sl="39" sc="5" el="39" ec="5" bec="0" bev="0" fileid="2" />
                <SequencePoint vc="833" uspid="408" ordinal="0" offset="1" sl="40" sc="9" el="40" ec="9" bec="0" bev="0" fileid="2" />
                <SequencePoint vc="833" uspid="409" ordinal="0" offset="8" sl="41" sc="5" el="41" ec="5" bec="0" bev="0" fileid="2" />
              </SequencePoints>
              <BranchPoints />
            </Method>
            <Method visited="true" cyclomaticComplexity="0" nPathComplexity="0" sequenceCoverage="100.0" branchCoverage="0" crapScore="0" isConstructor="false" isStatic="false" isGetter="false" isSetter="false">
              <Summary numSequencePoints="7" visitedSequencePoints="7" numBranchPoints="0" visitedBranchPoints="0" sequenceCoverage="100.0" branchCoverage="0" maxCyclomaticComplexity="0" minCyclomaticComplexity="0" maxCrapScore="0" minCrapScore="0" visitedClasses="0" numClasses="0" visitedMethods="1" numMethods="1" />
              <MetadataToken>100663298</MetadataToken>
              <Name>System.Void Asteroid::Move()</Name>
              <FileRef uid="2" />
              <SequencePoints>
                <SequencePoint vc="833" uspid="410" ordinal="0" offset="0" sl="44" sc="5" el="44" ec="5" bec="0" bev="0" fileid="2" />
                <SequencePoint vc="833" uspid="411" ordinal="0" offset="1" sl="45" sc="9" el="45" ec="9" bec="0" bev="0" fileid="2" />
                <SequencePoint vc="833" uspid="412" ordinal="0" offset="39" sl="46" sc="9" el="46" ec="9" bec="0" bev="0" fileid="2" />
                <SequencePoint vc="1" uspid="413" ordinal="0" offset="67" sl="47" sc="9" el="47" ec="9" bec="0" bev="0" fileid="2" />
                <SequencePoint vc="1" uspid="414" ordinal="0" offset="68" sl="48" sc="13" el="48" ec="13" bec="0" bev="0" fileid="2" />
                <SequencePoint vc="1" uspid="415" ordinal="0" offset="80" sl="49" sc="9" el="49" ec="9" bec="0" bev="0" fileid="2" />
                <SequencePoint vc="833" uspid="416" ordinal="0" offset="81" sl="50" sc="5" el="50" ec="5" bec="0" bev="0" fileid="2" />
              </SequencePoints>
              <BranchPoints />
            </Method>
            <Method visited="true" cyclomaticComplexity="0" nPathComplexity="0" sequenceCoverage="100.0" branchCoverage="0" crapScore="0" isConstructor="false" isStatic="false" isGetter="false" isSetter="false">
              <Summary numSequencePoints="7" visitedSequencePoints="7" numBranchPoints="0" visitedBranchPoints="0" sequenceCoverage="100.0" branchCoverage="0" maxCyclomaticComplexity="0" minCyclomaticComplexity="0" maxCrapScore="0" minCrapScore="0" visitedClasses="0" numClasses="0" visitedMethods="1" numMethods="1" />
              <MetadataToken>100663299</MetadataToken>
              <Name>System.Void Asteroid::OnCollisionEnter(UnityEngine.Collision)</Name>
              <FileRef uid="2" />
              <SequencePoints>
                <SequencePoint vc="3" uspid="417" ordinal="0" offset="0" sl="53" sc="5" el="53" ec="5" bec="0" bev="0" fileid="2" />
                <SequencePoint vc="3" uspid="418" ordinal="0" offset="1" sl="54" sc="9" el="54" ec="9" bec="0" bev="0" fileid="2" />
                <SequencePoint vc="1" uspid="419" ordinal="0" offset="26" sl="55" sc="9" el="55" ec="9" bec="0" bev="0" fileid="2" />
                <SequencePoint vc="1" uspid="420" ordinal="0" offset="27" sl="56" sc="13" el="56" ec="13" bec="0" bev="0" fileid="2" />
                <SequencePoint vc="1" uspid="421" ordinal="0" offset="33" sl="57" sc="13" el="57" ec="13" bec="0" bev="0" fileid="2" />
                <SequencePoint vc="1" uspid="422" ordinal="0" offset="45" sl="58" sc="9" el="58" ec="9" bec="0" bev="0" fileid="2" />
                <SequencePoint vc="3" uspid="423" ordinal="0" offset="46" sl="59" sc="5" el="59" ec="5" bec="0" bev="0" fileid="2" />
              </SequencePoints>
              <BranchPoints />
            </Method>
            <Method visited="true" cyclomaticComplexity="0" nPathComplexity="0" sequenceCoverage="100.0" branchCoverage="0" crapScore="0" isConstructor="true" isStatic="false" isGetter="false" isSetter="false">
              <Summary numSequencePoints="2" visitedSequencePoints="2" numBranchPoints="0" visitedBranchPoints="0" sequenceCoverage="100.0" branchCoverage="0" maxCyclomaticComplexity="0" minCyclomaticComplexity="0" maxCrapScore="0" minCrapScore="0" visitedClasses="0" numClasses="0" visitedMethods="1" numMethods="1" />
              <MetadataToken>100663300</MetadataToken>
              <Name>Asteroid::Asteroid()</Name>
              <FileRef uid="2" />
              <SequencePoints>
                <SequencePoint vc="8" uspid="424" ordinal="0" offset="0" sl="35" sc="5" el="35" ec="5" bec="0" bev="0" fileid="2" />
                <SequencePoint vc="8" uspid="425" ordinal="0" offset="11" sl="36" sc="5" el="36" ec="5" bec="0" bev="0" fileid="2" />
              </SequencePoints>
              <BranchPoints />
            </Method>
          </Methods>
        </Class>
        <Class>
          <Summary numSequencePoints="40" visitedSequencePoints="40" numBranchPoints="0" visitedBranchPoints="0" sequenceCoverage="100.0" branchCoverage="0.0" maxCyclomaticComplexity="0" minCyclomaticComplexity="0" maxCrapScore="0" minCrapScore="0" visitedClasses="1" numClasses="1" visitedMethods="7" numMethods="7" />
          <FullName>Game</FullName>
          <Methods>
            <Method visited="true" cyclomaticComplexity="0" nPathComplexity="0" sequenceCoverage="100.0" branchCoverage="0" crapScore="0" isConstructor="false" isStatic="false" isGetter="false" isSetter="false">
              <Summary numSequencePoints="7" visitedSequencePoints="7" numBranchPoints="0" visitedBranchPoints="0" sequenceCoverage="100.0" branchCoverage="0" maxCyclomaticComplexity="0" minCyclomaticComplexity="0" maxCrapScore="0" minCrapScore="0" visitedClasses="0" numClasses="0" visitedMethods="1" numMethods="1" />
              <MetadataToken>100663301</MetadataToken>
              <Name>System.Void Game::Start()</Name>
              <FileRef uid="3" />
              <SequencePoints>
                <SequencePoint vc="12" uspid="426" ordinal="0" offset="0" sl="49" sc="5" el="49" ec="5" bec="0" bev="0" fileid="3" />
                <SequencePoint vc="12" uspid="427" ordinal="0" offset="1" sl="50" sc="9" el="50" ec="9" bec="0" bev="0" fileid="3" />
                <SequencePoint vc="12" uspid="428" ordinal="0" offset="7" sl="51" sc="9" el="51" ec="9" bec="0" bev="0" fileid="3" />
                <SequencePoint vc="12" uspid="429" ordinal="0" offset="20" sl="52" sc="9" el="52" ec="9" bec="0" bev="0" fileid="3" />
                <SequencePoint vc="12" uspid="430" ordinal="0" offset="33" sl="53" sc="9" el="53" ec="9" bec="0" bev="0" fileid="3" />
                <SequencePoint vc="12" uspid="431" ordinal="0" offset="46" sl="54" sc="9" el="54" ec="9" bec="0" bev="0" fileid="3" />
                <SequencePoint vc="12" uspid="432" ordinal="0" offset="59" sl="55" sc="5" el="55" ec="5" bec="0" bev="0" fileid="3" />
              </SequencePoints>
              <BranchPoints />
            </Method>
            <Method visited="true" cyclomaticComplexity="0" nPathComplexity="0" sequenceCoverage="100.0" branchCoverage="0" crapScore="0" isConstructor="false" isStatic="true" isGetter="false" isSetter="false">
              <Summary numSequencePoints="8" visitedSequencePoints="8" numBranchPoints="0" visitedBranchPoints="0" sequenceCoverage="100.0" branchCoverage="0" maxCyclomaticComplexity="0" minCyclomaticComplexity="0" maxCrapScore="0" minCrapScore="0" visitedClasses="0" numClasses="0" visitedMethods="1" numMethods="1" />
              <MetadataToken>100663302</MetadataToken>
              <Name>static System.Void Game::GameOver()</Name>
              <FileRef uid="3" />
              <SequencePoints>
                <SequencePoint vc="1" uspid="433" ordinal="0" offset="0" sl="58" sc="5" el="58" ec="5" bec="0" bev="0" fileid="3" />
                <SequencePoint vc="1" uspid="434" ordinal="0" offset="1" sl="59" sc="9" el="59" ec="9" bec="0" bev="0" fileid="3" />
                <SequencePoint vc="1" uspid="435" ordinal="0" offset="18" sl="60" sc="9" el="60" ec="9" bec="0" bev="0" fileid="3" />
                <SequencePoint vc="1" uspid="436" ordinal="0" offset="35" sl="61" sc="9" el="61" ec="9" bec="0" bev="0" fileid="3" />
                <SequencePoint vc="1" uspid="437" ordinal="0" offset="46" sl="62" sc="9" el="62" ec="9" bec="0" bev="0" fileid="3" />
                <SequencePoint vc="1" uspid="438" ordinal="0" offset="62" sl="63" sc="9" el="63" ec="9" bec="0" bev="0" fileid="3" />
                <SequencePoint vc="1" uspid="439" ordinal="0" offset="83" sl="64" sc="9" el="64" ec="9" bec="0" bev="0" fileid="3" />
                <SequencePoint vc="1" uspid="440" ordinal="0" offset="100" sl="65" sc="5" el="65" ec="5" bec="0" bev="0" fileid="3" />
              </SequencePoints>
              <BranchPoints />
            </Method>
            <Method visited="true" cyclomaticComplexity="0" nPathComplexity="0" sequenceCoverage="100.0" branchCoverage="0" crapScore="0" isConstructor="false" isStatic="false" isGetter="false" isSetter="false">
              <Summary numSequencePoints="13" visitedSequencePoints="13" numBranchPoints="0" visitedBranchPoints="0" sequenceCoverage="100.0" branchCoverage="0" maxCyclomaticComplexity="0" minCyclomaticComplexity="0" maxCrapScore="0" minCrapScore="0" visitedClasses="0" numClasses="0" visitedMethods="1" numMethods="1" />
              <MetadataToken>100663303</MetadataToken>
              <Name>System.Void Game::NewGame()</Name>
              <FileRef uid="3" />
              <SequencePoints>
                <SequencePoint vc="2" uspid="441" ordinal="0" offset="0" sl="68" sc="5" el="68" ec="5" bec="0" bev="0" fileid="3" />
                <SequencePoint vc="2" uspid="442" ordinal="0" offset="1" sl="69" sc="9" el="69" ec="9" bec="0" bev="0" fileid="3" />
                <SequencePoint vc="2" uspid="443" ordinal="0" offset="8" sl="70" sc="9" el="70" ec="9" bec="0" bev="0" fileid="3" />
                <SequencePoint vc="2" uspid="444" ordinal="0" offset="21" sl="71" sc="9" el="71" ec="9" bec="0" bev="0" fileid="3" />
                <SequencePoint vc="2" uspid="445" ordinal="0" offset="34" sl="72" sc="9" el="72" ec="9" bec="0" bev="0" fileid="3" />
                <SequencePoint vc="2" uspid="446" ordinal="0" offset="71" sl="73" sc="9" el="73" ec="9" bec="0" bev="0" fileid="3" />
                <SequencePoint vc="2" uspid="447" ordinal="0" offset="78" sl="74" sc="9" el="74" ec="9" bec="0" bev="0" fileid="3" />
                <SequencePoint vc="2" uspid="448" ordinal="0" offset="111" sl="75" sc="9" el="75" ec="9" bec="0" bev="0" fileid="3" />
                <SequencePoint vc="2" uspid="449" ordinal="0" offset="124" sl="76" sc="9" el="76" ec="9" bec="0" bev="0" fileid="3" />
                <SequencePoint vc="2" uspid="450" ordinal="0" offset="136" sl="77" sc="9" el="77" ec="9" bec="0" bev="0" fileid="3" />
                <SequencePoint vc="2" uspid="451" ordinal="0" offset="153" sl="78" sc="9" el="78" ec="9" bec="0" bev="0" fileid="3" />
                <SequencePoint vc="2" uspid="452" ordinal="0" offset="165" sl="79" sc="9" el="79" ec="9" bec="0" bev="0" fileid="3" />
                <SequencePoint vc="2" uspid="453" ordinal="0" offset="178" sl="80" sc="5" el="80" ec="5" bec="0" bev="0" fileid="3" />
              </SequencePoints>
              <BranchPoints />
            </Method>
            <Method visited="true" cyclomaticComplexity="0" nPathComplexity="0" sequenceCoverage="100.0" branchCoverage="0" crapScore="0" isConstructor="false" isStatic="true" isGetter="false" isSetter="false">
              <Summary numSequencePoints="4" visitedSequencePoints="4" numBranchPoints="0" visitedBranchPoints="0" sequenceCoverage="100.0" branchCoverage="0" maxCyclomaticComplexity="0" minCyclomaticComplexity="0" maxCrapScore="0" minCrapScore="0" visitedClasses="0" numClasses="0" visitedMethods="1" numMethods="1" />
              <MetadataToken>100663304</MetadataToken>
              <Name>static System.Void Game::AsteroidDestroyed()</Name>
              <FileRef uid="3" />
              <SequencePoints>
                <SequencePoint vc="2" uspid="454" ordinal="0" offset="0" sl="83" sc="5" el="83" ec="5" bec="0" bev="0" fileid="3" />
                <SequencePoint vc="2" uspid="455" ordinal="0" offset="1" sl="84" sc="9" el="84" ec="9" bec="0" bev="0" fileid="3" />
                <SequencePoint vc="2" uspid="456" ordinal="0" offset="19" sl="85" sc="9" el="85" ec="9" bec="0" bev="0" fileid="3" />
                <SequencePoint vc="2" uspid="457" ordinal="0" offset="60" sl="86" sc="5" el="86" ec="5" bec="0" bev="0" fileid="3" />
              </SequencePoints>
              <BranchPoints />
            </Method>
            <Method visited="true" cyclomaticComplexity="0" nPathComplexity="0" sequenceCoverage="100.0" branchCoverage="0" crapScore="0" isConstructor="false" isStatic="false" isGetter="false" isSetter="false">
              <Summary numSequencePoints="3" visitedSequencePoints="3" numBranchPoints="0" visitedBranchPoints="0" sequenceCoverage="100.0" branchCoverage="0" maxCyclomaticComplexity="0" minCyclomaticComplexity="0" maxCrapScore="0" minCrapScore="0" visitedClasses="0" numClasses="0" visitedMethods="1" numMethods="1" />
              <MetadataToken>100663305</MetadataToken>
              <Name>Ship Game::GetShip()</Name>
              <FileRef uid="3" />
              <SequencePoints>
                <SequencePoint vc="7" uspid="458" ordinal="0" offset="0" sl="89" sc="5" el="89" ec="5" bec="0" bev="0" fileid="3" />
                <SequencePoint vc="7" uspid="459" ordinal="0" offset="1" sl="90" sc="9" el="90" ec="9" bec="0" bev="0" fileid="3" />
                <SequencePoint vc="7" uspid="460" ordinal="0" offset="15" sl="91" sc="5" el="91" ec="5" bec="0" bev="0" fileid="3" />
              </SequencePoints>
              <BranchPoints />
            </Method>
            <Method visited="true" cyclomaticComplexity="0" nPathComplexity="0" sequenceCoverage="100.0" branchCoverage="0" crapScore="0" isConstructor="false" isStatic="false" isGetter="false" isSetter="false">
              <Summary numSequencePoints="3" visitedSequencePoints="3" numBranchPoints="0" visitedBranchPoints="0" sequenceCoverage="100.0" branchCoverage="0" maxCyclomaticComplexity="0" minCyclomaticComplexity="0" maxCrapScore="0" minCrapScore="0" visitedClasses="0" numClasses="0" visitedMethods="1" numMethods="1" />
              <MetadataToken>100663306</MetadataToken>
              <Name>Spawner Game::GetSpawner()</Name>
              <FileRef uid="3" />
              <SequencePoints>
                <SequencePoint vc="8" uspid="461" ordinal="0" offset="0" sl="94" sc="5" el="94" ec="5" bec="0" bev="0" fileid="3" />
                <SequencePoint vc="8" uspid="462" ordinal="0" offset="1" sl="95" sc="9" el="95" ec="9" bec="0" bev="0" fileid="3" />
                <SequencePoint vc="8" uspid="463" ordinal="0" offset="15" sl="96" sc="5" el="96" ec="5" bec="0" bev="0" fileid="3" />
              </SequencePoints>
              <BranchPoints />
            </Method>
            <Method visited="true" cyclomaticComplexity="0" nPathComplexity="0" sequenceCoverage="100.0" branchCoverage="0" crapScore="0" isConstructor="true" isStatic="false" isGetter="false" isSetter="false">
              <Summary numSequencePoints="2" visitedSequencePoints="2" numBranchPoints="0" visitedBranchPoints="0" sequenceCoverage="100.0" branchCoverage="0" maxCyclomaticComplexity="0" minCyclomaticComplexity="0" maxCrapScore="0" minCrapScore="0" visitedClasses="0" numClasses="0" visitedMethods="1" numMethods="1" />
              <MetadataToken>100663307</MetadataToken>
              <Name>Game::Game()</Name>
              <FileRef uid="3" />
              <SequencePoints>
                <SequencePoint vc="14" uspid="464" ordinal="0" offset="0" sl="36" sc="5" el="36" ec="5" bec="0" bev="0" fileid="3" />
                <SequencePoint vc="14" uspid="465" ordinal="0" offset="7" sl="37" sc="5" el="37" ec="5" bec="0" bev="0" fileid="3" />
              </SequencePoints>
              <BranchPoints />
            </Method>
          </Methods>
        </Class>
        <Class>
          <Summary numSequencePoints="16" visitedSequencePoints="16" numBranchPoints="0" visitedBranchPoints="0" sequenceCoverage="100.0" branchCoverage="0.0" maxCyclomaticComplexity="0" minCyclomaticComplexity="0" maxCrapScore="0" minCrapScore="0" visitedClasses="1" numClasses="1" visitedMethods="2" numMethods="2" />
          <FullName>Laser</FullName>
          <Methods>
            <Method visited="true" cyclomaticComplexity="0" nPathComplexity="0" sequenceCoverage="100.0" branchCoverage="0" crapScore="0" isConstructor="false" isStatic="false" isGetter="false" isSetter="false">
              <Summary numSequencePoints="7" visitedSequencePoints="7" numBranchPoints="0" visitedBranchPoints="0" sequenceCoverage="100.0" branchCoverage="0" maxCyclomaticComplexity="0" minCyclomaticComplexity="0" maxCrapScore="0" minCrapScore="0" visitedClasses="0" numClasses="0" visitedMethods="1" numMethods="1" />
              <MetadataToken>100663308</MetadataToken>
              <Name>System.Void Laser::Update()</Name>
              <FileRef uid="4" />
              <SequencePoints>
                <SequencePoint vc="1667" uspid="466" ordinal="0" offset="0" sl="38" sc="5" el="38" ec="5" bec="0" bev="0" fileid="4" />
                <SequencePoint vc="1667" uspid="467" ordinal="0" offset="1" sl="39" sc="9" el="39" ec="9" bec="0" bev="0" fileid="4" />
                <SequencePoint vc="1667" uspid="468" ordinal="0" offset="38" sl="40" sc="9" el="40" ec="9" bec="0" bev="0" fileid="4" />
                <SequencePoint vc="1" uspid="469" ordinal="0" offset="65" sl="41" sc="9" el="41" ec="9" bec="0" bev="0" fileid="4" />
                <SequencePoint vc="1" uspid="470" ordinal="0" offset="66" sl="42" sc="13" el="42" ec="13" bec="0" bev="0" fileid="4" />
                <SequencePoint vc="1" uspid="471" ordinal="0" offset="78" sl="43" sc="9" el="43" ec="9" bec="0" bev="0" fileid="4" />
                <SequencePoint vc="1667" uspid="472" ordinal="0" offset="79" sl="44" sc="5" el="44" ec="5" bec="0" bev="0" fileid="4" />
              </SequencePoints>
              <BranchPoints />
            </Method>
            <Method visited="true" cyclomaticComplexity="0" nPathComplexity="0" sequenceCoverage="100.0" branchCoverage="0" crapScore="0" isConstructor="false" isStatic="false" isGetter="false" isSetter="false">
              <Summary numSequencePoints="9" visitedSequencePoints="9" numBranchPoints="0" visitedBranchPoints="0" sequenceCoverage="100.0" branchCoverage="0" maxCyclomaticComplexity="0" minCyclomaticComplexity="0" maxCrapScore="0" minCrapScore="0" visitedClasses="0" numClasses="0" visitedMethods="1" numMethods="1" />
              <MetadataToken>100663309</MetadataToken>
              <Name>System.Void Laser::OnCollisionEnter(UnityEngine.Collision)</Name>
              <FileRef uid="4" />
              <SequencePoints>
                <SequencePoint vc="2" uspid="473" ordinal="0" offset="0" sl="47" sc="5" el="47" ec="5" bec="0" bev="0" fileid="4" />
                <SequencePoint vc="2" uspid="474" ordinal="0" offset="1" sl="48" sc="9" el="48" ec="9" bec="0" bev="0" fileid="4" />
                <SequencePoint vc="2" uspid="475" ordinal="0" offset="22" sl="49" sc="9" el="49" ec="9" bec="0" bev="0" fileid="4" />
                <SequencePoint vc="2" uspid="476" ordinal="0" offset="23" sl="50" sc="13" el="50" ec="13" bec="0" bev="0" fileid="4" />
                <SequencePoint vc="2" uspid="477" ordinal="0" offset="29" sl="51" sc="13" el="51" ec="13" bec="0" bev="0" fileid="4" />
                <SequencePoint vc="2" uspid="478" ordinal="0" offset="41" sl="52" sc="13" el="52" ec="13" bec="0" bev="0" fileid="4" />
                <SequencePoint vc="2" uspid="479" ordinal="0" offset="64" sl="53" sc="13" el="53" ec="13" bec="0" bev="0" fileid="4" />
                <SequencePoint vc="2" uspid="480" ordinal="0" offset="76" sl="54" sc="9" el="54" ec="9" bec="0" bev="0" fileid="4" />
                <SequencePoint vc="2" uspid="481" ordinal="0" offset="77" sl="55" sc="5" el="55" ec="5" bec="0" bev="0" fileid="4" />
              </SequencePoints>
              <BranchPoints />
            </Method>
          </Methods>
        </Class>
        <Class>
          <Summary numSequencePoints="54" visitedSequencePoints="38" numBranchPoints="0" visitedBranchPoints="0" sequenceCoverage="70.37" branchCoverage="0.0" maxCyclomaticComplexity="0" minCyclomaticComplexity="0" maxCrapScore="0" minCrapScore="0" visitedClasses="1" numClasses="1" visitedMethods="8" numMethods="8" />
          <FullName>Ship</FullName>
          <Methods>
            <Method visited="true" cyclomaticComplexity="0" nPathComplexity="0" sequenceCoverage="100.0" branchCoverage="0" crapScore="0" isConstructor="false" isStatic="false" isGetter="false" isSetter="false">
              <Summary numSequencePoints="3" visitedSequencePoints="3" numBranchPoints="0" visitedBranchPoints="0" sequenceCoverage="100.0" branchCoverage="0" maxCyclomaticComplexity="0" minCyclomaticComplexity="0" maxCrapScore="0" minCrapScore="0" visitedClasses="0" numClasses="0" visitedMethods="1" numMethods="1" />
              <MetadataToken>100663311</MetadataToken>
              <Name>System.Void Ship::Awake()</Name>
              <FileRef uid="5" />
              <SequencePoints>
                <SequencePoint vc="13" uspid="482" ordinal="0" offset="0" sl="50" sc="5" el="50" ec="5" bec="0" bev="0" fileid="5" />
                <SequencePoint vc="13" uspid="483" ordinal="0" offset="1" sl="51" sc="9" el="51" ec="9" bec="0" bev="0" fileid="5" />
                <SequencePoint vc="13" uspid="484" ordinal="0" offset="13" sl="52" sc="5" el="52" ec="5" bec="0" bev="0" fileid="5" />
              </SequencePoints>
              <BranchPoints />
            </Method>
            <Method visited="true" cyclomaticComplexity="0" nPathComplexity="0" sequenceCoverage="47.06" branchCoverage="0" crapScore="0" isConstructor="false" isStatic="false" isGetter="false" isSetter="false">
              <Summary numSequencePoints="17" visitedSequencePoints="8" numBranchPoints="0" visitedBranchPoints="0" sequenceCoverage="47.06" branchCoverage="0" maxCyclomaticComplexity="0" minCyclomaticComplexity="0" maxCrapScore="0" minCrapScore="0" visitedClasses="0" numClasses="0" visitedMethods="1" numMethods="1" />
              <MetadataToken>100663312</MetadataToken>
              <Name>System.Void Ship::Update()</Name>
              <FileRef uid="5" />
              <SequencePoints>
                <SequencePoint vc="5726" uspid="485" ordinal="0" offset="0" sl="55" sc="5" el="55" ec="5" bec="0" bev="0" fileid="5" />
                <SequencePoint vc="5726" uspid="486" ordinal="0" offset="1" sl="56" sc="9" el="56" ec="9" bec="0" bev="0" fileid="5" />
                <SequencePoint vc="5658" uspid="487" ordinal="0" offset="11" sl="57" sc="9" el="57" ec="9" bec="0" bev="0" fileid="5" />
                <SequencePoint vc="5658" uspid="488" ordinal="0" offset="12" sl="58" sc="13" el="58" ec="13" bec="0" bev="0" fileid="5" />
                <SequencePoint vc="68" uspid="489" ordinal="0" offset="14" sl="61" sc="9" el="61" ec="9" bec="0" bev="0" fileid="5" />
                <SequencePoint vc="0" uspid="490" ordinal="0" offset="36" sl="62" sc="9" el="62" ec="9" bec="0" bev="0" fileid="5" />
                <SequencePoint vc="0" uspid="491" ordinal="0" offset="37" sl="63" sc="13" el="63" ec="13" bec="0" bev="0" fileid="5" />
                <SequencePoint vc="0" uspid="492" ordinal="0" offset="44" sl="64" sc="9" el="64" ec="9" bec="0" bev="0" fileid="5" />
                <SequencePoint vc="68" uspid="493" ordinal="0" offset="45" sl="66" sc="9" el="66" ec="9" bec="0" bev="0" fileid="5" />
                <SequencePoint vc="0" uspid="494" ordinal="0" offset="59" sl="67" sc="9" el="67" ec="9" bec="0" bev="0" fileid="5" />
                <SequencePoint vc="0" uspid="495" ordinal="0" offset="60" sl="68" sc="13" el="68" ec="13" bec="0" bev="0" fileid="5" />
                <SequencePoint vc="0" uspid="496" ordinal="0" offset="67" sl="69" sc="9" el="69" ec="9" bec="0" bev="0" fileid="5" />
                <SequencePoint vc="68" uspid="497" ordinal="0" offset="68" sl="71" sc="9" el="71" ec="9" bec="0" bev="0" fileid="5" />
                <SequencePoint vc="0" uspid="498" ordinal="0" offset="82" sl="72" sc="9" el="72" ec="9" bec="0" bev="0" fileid="5" />
                <SequencePoint vc="0" uspid="499" ordinal="0" offset="83" sl="73" sc="13" el="73" ec="13" bec="0" bev="0" fileid="5" />
                <SequencePoint vc="0" uspid="500" ordinal="0" offset="90" sl="74" sc="9" el="74" ec="9" bec="0" bev="0" fileid="5" />
                <SequencePoint vc="5726" uspid="501" ordinal="0" offset="91" sl="75" sc="5" el="75" ec="5" bec="0" bev="0" fileid="5" />
              </SequencePoints>
              <BranchPoints />
            </Method>
            <Method visited="true" cyclomaticComplexity="0" nPathComplexity="0" sequenceCoverage="100.0" branchCoverage="0" crapScore="0" isConstructor="false" isStatic="false" isGetter="false" isSetter="false">
              <Summary numSequencePoints="5" visitedSequencePoints="5" numBranchPoints="0" visitedBranchPoints="0" sequenceCoverage="100.0" branchCoverage="0" maxCyclomaticComplexity="0" minCyclomaticComplexity="0" maxCrapScore="0" minCrapScore="0" visitedClasses="0" numClasses="0" visitedMethods="1" numMethods="1" />
              <MetadataToken>100663315</MetadataToken>
              <Name>UnityEngine.GameObject Ship::SpawnLaser()</Name>
              <FileRef uid="5" />
              <SequencePoints>
                <SequencePoint vc="3" uspid="505" ordinal="0" offset="0" sl="93" sc="5" el="93" ec="5" bec="0" bev="0" fileid="5" />
                <SequencePoint vc="3" uspid="506" ordinal="0" offset="1" sl="94" sc="9" el="94" ec="9" bec="0" bev="0" fileid="5" />
                <SequencePoint vc="3" uspid="507" ordinal="0" offset="13" sl="95" sc="9" el="95" ec="9" bec="0" bev="0" fileid="5" />
                <SequencePoint vc="3" uspid="508" ordinal="0" offset="21" sl="96" sc="9" el="96" ec="9" bec="0" bev="0" fileid="5" />
                <SequencePoint vc="3" uspid="509" ordinal="0" offset="25" sl="97" sc="5" el="97" ec="5" bec="0" bev="0" fileid="5" />
              </SequencePoints>
              <BranchPoints />
            </Method>
            <Method visited="true" cyclomaticComplexity="0" nPathComplexity="0" sequenceCoverage="57.14" branchCoverage="0" crapScore="0" isConstructor="false" isStatic="false" isGetter="false" isSetter="false">
              <Summary numSequencePoints="7" visitedSequencePoints="4" numBranchPoints="0" visitedBranchPoints="0" sequenceCoverage="57.14" branchCoverage="0" maxCyclomaticComplexity="0" minCyclomaticComplexity="0" maxCrapScore="0" minCrapScore="0" visitedClasses="0" numClasses="0" visitedMethods="1" numMethods="1" />
              <MetadataToken>100663316</MetadataToken>
              <Name>System.Void Ship::MoveLeft()</Name>
              <FileRef uid="5" />
              <SequencePoints>
                <SequencePoint vc="2" uspid="510" ordinal="0" offset="0" sl="100" sc="5" el="100" ec="5" bec="0" bev="0" fileid="5" />
                <SequencePoint vc="2" uspid="511" ordinal="0" offset="1" sl="101" sc="9" el="101" ec="9" bec="0" bev="0" fileid="5" />
                <SequencePoint vc="2" uspid="512" ordinal="0" offset="44" sl="102" sc="9" el="102" ec="9" bec="0" bev="0" fileid="5" />
                <SequencePoint vc="0" uspid="513" ordinal="0" offset="72" sl="103" sc="9" el="103" ec="9" bec="0" bev="0" fileid="5" />
                <SequencePoint vc="0" uspid="514" ordinal="0" offset="73" sl="104" sc="13" el="104" ec="13" bec="0" bev="0" fileid="5" />
                <SequencePoint vc="0" uspid="515" ordinal="0" offset="106" sl="105" sc="9" el="105" ec="9" bec="0" bev="0" fileid="5" />
                <SequencePoint vc="2" uspid="516" ordinal="0" offset="107" sl="106" sc="5" el="106" ec="5" bec="0" bev="0" fileid="5" />
              </SequencePoints>
              <BranchPoints />
            </Method>
            <Method visited="true" cyclomaticComplexity="0" nPathComplexity="0" sequenceCoverage="100.0" branchCoverage="0" crapScore="0" isConstructor="false" isStatic="false" isGetter="false" isSetter="false">
              <Summary numSequencePoints="5" visitedSequencePoints="5" numBranchPoints="0" visitedBranchPoints="0" sequenceCoverage="100.0" branchCoverage="0" maxCyclomaticComplexity="0" minCyclomaticComplexity="0" maxCrapScore="0" minCrapScore="0" visitedClasses="0" numClasses="0" visitedMethods="1" numMethods="1" />
              <MetadataToken>100663318</MetadataToken>
              <Name>System.Void Ship::Explode()</Name>
              <FileRef uid="5" />
              <SequencePoints>
                <SequencePoint vc="1" uspid="524" ordinal="0" offset="0" sl="118" sc="5" el="118" ec="5" bec="0" bev="0" fileid="5" />
                <SequencePoint vc="1" uspid="525" ordinal="0" offset="1" sl="119" sc="9" el="119" ec="9" bec="0" bev="0" fileid="5" />
                <SequencePoint vc="1" uspid="526" ordinal="0" offset="14" sl="120" sc="9" el="120" ec="9" bec="0" bev="0" fileid="5" />
                <SequencePoint vc="1" uspid="527" ordinal="0" offset="27" sl="121" sc="9" el="121" ec="9" bec="0" bev="0" fileid="5" />
                <SequencePoint vc="1" uspid="528" ordinal="0" offset="34" sl="122" sc="5" el="122" ec="5" bec="0" bev="0" fileid="5" />
              </SequencePoints>
              <BranchPoints />
            </Method>
            <Method visited="true" cyclomaticComplexity="0" nPathComplexity="0" sequenceCoverage="100.0" branchCoverage="0" crapScore="0" isConstructor="false" isStatic="false" isGetter="false" isSetter="false">
              <Summary numSequencePoints="5" visitedSequencePoints="5" numBranchPoints="0" visitedBranchPoints="0" sequenceCoverage="100.0" branchCoverage="0" maxCyclomaticComplexity="0" minCyclomaticComplexity="0" maxCrapScore="0" minCrapScore="0" visitedClasses="0" numClasses="0" visitedMethods="1" numMethods="1" />
              <MetadataToken>100663319</MetadataToken>
              <Name>System.Void Ship::RepairShip()</Name>
              <FileRef uid="5" />
              <SequencePoints>
                <SequencePoint vc="2" uspid="529" ordinal="0" offset="0" sl="125" sc="5" el="125" ec="5" bec="0" bev="0" fileid="5" />
                <SequencePoint vc="2" uspid="530" ordinal="0" offset="1" sl="126" sc="9" el="126" ec="9" bec="0" bev="0" fileid="5" />
                <SequencePoint vc="2" uspid="531" ordinal="0" offset="14" sl="127" sc="9" el="127" ec="9" bec="0" bev="0" fileid="5" />
                <SequencePoint vc="2" uspid="532" ordinal="0" offset="27" sl="128" sc="9" el="128" ec="9" bec="0" bev="0" fileid="5" />
                <SequencePoint vc="2" uspid="533" ordinal="0" offset="34" sl="129" sc="5" el="129" ec="5" bec="0" bev="0" fileid="5" />
              </SequencePoints>
              <BranchPoints />
            </Method>
            <Method visited="true" cyclomaticComplexity="0" nPathComplexity="0" sequenceCoverage="42.86" branchCoverage="0" crapScore="0" isConstructor="false" isStatic="false" isGetter="false" isSetter="false">
              <Summary numSequencePoints="7" visitedSequencePoints="3" numBranchPoints="0" visitedBranchPoints="0" sequenceCoverage="42.86" branchCoverage="0" maxCyclomaticComplexity="0" minCyclomaticComplexity="0" maxCrapScore="0" minCrapScore="0" visitedClasses="0" numClasses="0" visitedMethods="1" numMethods="1" />
              <MetadataToken>100663320</MetadataToken>
              <Name>System.Void Ship::OnCollisionEnter(UnityEngine.Collision)</Name>
              <FileRef uid="5" />
              <SequencePoints>
                <SequencePoint vc="1" uspid="534" ordinal="0" offset="0" sl="132" sc="5" el="132" ec="5" bec="0" bev="0" fileid="5" />
                <SequencePoint vc="1" uspid="535" ordinal="0" offset="1" sl="133" sc="9" el="133" ec="9" bec="0" bev="0" fileid="5" />
                <SequencePoint vc="0" uspid="536" ordinal="0" offset="26" sl="134" sc="9" el="134" ec="9" bec="0" bev="0" fileid="5" />
                <SequencePoint vc="0" uspid="537" ordinal="0" offset="27" sl="135" sc="13" el="135" ec="13" bec="0" bev="0" fileid="5" />
                <SequencePoint vc="0" uspid="538" ordinal="0" offset="39" sl="136" sc="13" el="136" ec="13" bec="0" bev="0" fileid="5" />
                <SequencePoint vc="0" uspid="539" ordinal="0" offset="51" sl="137" sc="9" el="137" ec="9" bec="0" bev="0" fileid="5" />
                <SequencePoint vc="1" uspid="540" ordinal="0" offset="52" sl="138" sc="5" el="138" ec="5" bec="0" bev="0" fileid="5" />
              </SequencePoints>
              <BranchPoints />
            </Method>
            <Method visited="true" cyclomaticComplexity="0" nPathComplexity="0" sequenceCoverage="100.0" branchCoverage="0" crapScore="0" isConstructor="true" isStatic="false" isGetter="false" isSetter="false">
              <Summary numSequencePoints="5" visitedSequencePoints="5" numBranchPoints="0" visitedBranchPoints="0" sequenceCoverage="100.0" branchCoverage="0" maxCyclomaticComplexity="0" minCyclomaticComplexity="0" maxCrapScore="0" minCrapScore="0" visitedClasses="0" numClasses="0" visitedMethods="1" numMethods="1" />
              <MetadataToken>100663322</MetadataToken>
              <Name>Ship::Ship()</Name>
              <FileRef uid="5" />
              <SequencePoints>
                <SequencePoint vc="14" uspid="541" ordinal="0" offset="0" sl="36" sc="5" el="36" ec="5" bec="0" bev="0" fileid="5" />
                <SequencePoint vc="14" uspid="542" ordinal="0" offset="7" sl="37" sc="5" el="37" ec="5" bec="0" bev="0" fileid="5" />
                <SequencePoint vc="14" uspid="543" ordinal="0" offset="18" sl="38" sc="5" el="38" ec="5" bec="0" bev="0" fileid="5" />
                <SequencePoint vc="14" uspid="544" ordinal="0" offset="25" sl="46" sc="5" el="46" ec="5" bec="0" bev="0" fileid="5" />
                <SequencePoint vc="14" uspid="545" ordinal="0" offset="36" sl="47" sc="5" el="47" ec="5" bec="0" bev="0" fileid="5" />
              </SequencePoints>
              <BranchPoints />
            </Method>
          </Methods>
        </Class>
        <Class>
          <Summary numSequencePoints="44" visitedSequencePoints="40" numBranchPoints="0" visitedBranchPoints="0" sequenceCoverage="90.91" branchCoverage="0.0" maxCyclomaticComplexity="0" minCyclomaticComplexity="0" maxCrapScore="0" minCrapScore="0" visitedClasses="1" numClasses="1" visitedMethods="9" numMethods="9" />
          <FullName>Spawner</FullName>
          <Methods>
            <Method visited="true" cyclomaticComplexity="0" nPathComplexity="0" sequenceCoverage="100.0" branchCoverage="0" crapScore="0" isConstructor="false" isStatic="false" isGetter="false" isSetter="false">
              <Summary numSequencePoints="6" visitedSequencePoints="6" numBranchPoints="0" visitedBranchPoints="0" sequenceCoverage="100.0" branchCoverage="0" maxCyclomaticComplexity="0" minCyclomaticComplexity="0" maxCrapScore="0" minCrapScore="0" visitedClasses="0" numClasses="0" visitedMethods="1" numMethods="1" />
              <MetadataToken>100663323</MetadataToken>
              <Name>System.Void Spawner::Awake()</Name>
              <FileRef uid="6" />
              <SequencePoints>
                <SequencePoint vc="13" uspid="546" ordinal="0" offset="0" sl="53" sc="5" el="53" ec="5" bec="0" bev="0" fileid="6" />
                <SequencePoint vc="13" uspid="547" ordinal="0" offset="1" sl="54" sc="9" el="54" ec="9" bec="0" bev="0" fileid="6" />
                <SequencePoint vc="13" uspid="548" ordinal="0" offset="57" sl="56" sc="9" el="56" ec="9" bec="0" bev="0" fileid="6" />
                <SequencePoint vc="13" uspid="549" ordinal="0" offset="74" sl="57" sc="9" el="57" ec="9" bec="0" bev="0" fileid="6" />
                <SequencePoint vc="13" uspid="550" ordinal="0" offset="86" sl="58" sc="9" el="58" ec="9" bec="0" bev="0" fileid="6" />
                <SequencePoint vc="13" uspid="551" ordinal="0" offset="98" sl="59" sc="5" el="59" ec="5" bec="0" bev="0" fileid="6" />
              </SequencePoints>
              <BranchPoints />
            </Method>
            <Method visited="true" cyclomaticComplexity="0" nPathComplexity="0" sequenceCoverage="100.0" branchCoverage="0" crapScore="0" isConstructor="false" isStatic="false" isGetter="false" isSetter="false">
              <Summary numSequencePoints="4" visitedSequencePoints="4" numBranchPoints="0" visitedBranchPoints="0" sequenceCoverage="100.0" branchCoverage="0" maxCyclomaticComplexity="0" minCyclomaticComplexity="0" maxCrapScore="0" minCrapScore="0" visitedClasses="0" numClasses="0" visitedMethods="1" numMethods="1" />
              <MetadataToken>100663324</MetadataToken>
              <Name>System.Void Spawner::BeginSpawning()</Name>
              <FileRef uid="6" />
              <SequencePoints>
                <SequencePoint vc="2" uspid="552" ordinal="0" offset="0" sl="62" sc="5" el="62" ec="5" bec="0" bev="0" fileid="6" />
                <SequencePoint vc="2" uspid="553" ordinal="0" offset="1" sl="63" sc="9" el="63" ec="9" bec="0" bev="0" fileid="6" />
                <SequencePoint vc="2" uspid="554" ordinal="0" offset="14" sl="64" sc="9" el="64" ec="9" bec="0" bev="0" fileid="6" />
                <SequencePoint vc="2" uspid="555" ordinal="0" offset="27" sl="65" sc="5" el="65" ec="5" bec="0" bev="0" fileid="6" />
              </SequencePoints>
              <BranchPoints />
            </Method>
            <Method visited="true" cyclomaticComplexity="0" nPathComplexity="0" sequenceCoverage="100.0" branchCoverage="0" crapScore="0" isConstructor="false" isStatic="false" isGetter="false" isSetter="false">
              <Summary numSequencePoints="3" visitedSequencePoints="3" numBranchPoints="0" visitedBranchPoints="0" sequenceCoverage="100.0" branchCoverage="0" maxCyclomaticComplexity="0" minCyclomaticComplexity="0" maxCrapScore="0" minCrapScore="0" visitedClasses="0" numClasses="0" visitedMethods="1" numMethods="1" />
              <MetadataToken>100663327</MetadataToken>
              <Name>System.Void Spawner::SpawnSpeedPickup()</Name>
              <FileRef uid="6" />
              <SequencePoints>
                <SequencePoint vc="4" uspid="556" ordinal="0" offset="0" sl="86" sc="5" el="86" ec="5" bec="0" bev="0" fileid="6" />
                <SequencePoint vc="4" uspid="557" ordinal="0" offset="1" sl="87" sc="9" el="87" ec="9" bec="0" bev="0" fileid="6" />
                <SequencePoint vc="4" uspid="558" ordinal="0" offset="13" sl="88" sc="5" el="88" ec="5" bec="0" bev="0" fileid="6" />
              </SequencePoints>
              <BranchPoints />
            </Method>
            <Method visited="true" cyclomaticComplexity="0" nPathComplexity="0" sequenceCoverage="76.47" branchCoverage="0" crapScore="0" isConstructor="false" isStatic="false" isGetter="false" isSetter="false">
              <Summary numSequencePoints="17" visitedSequencePoints="13" numBranchPoints="0" visitedBranchPoints="0" sequenceCoverage="76.47" branchCoverage="0" maxCyclomaticComplexity="0" minCyclomaticComplexity="0" maxCrapScore="0" minCrapScore="0" visitedClasses="0" numClasses="0" visitedMethods="1" numMethods="1" />
              <MetadataToken>100663328</MetadataToken>
              <Name>UnityEngine.GameObject Spawner::SpawnAsteroid()</Name>
              <FileRef uid="6" />
              <SequencePoints>
                <SequencePoint vc="4" uspid="559" ordinal="0" offset="0" sl="91" sc="5" el="91" ec="5" bec="0" bev="0" fileid="6" />
                <SequencePoint vc="4" uspid="560" ordinal="0" offset="1" sl="92" sc="9" el="92" ec="9" bec="0" bev="0" fileid="6" />
                <SequencePoint vc="4" uspid="561" ordinal="0" offset="9" sl="94" sc="9" el="94" ec="9" bec="0" bev="0" fileid="6" />
                <SequencePoint vc="1" uspid="562" ordinal="0" offset="39" sl="97" sc="17" el="97" ec="17" bec="0" bev="0" fileid="6" />
                <SequencePoint vc="1" uspid="563" ordinal="0" offset="51" sl="98" sc="17" el="98" ec="17" bec="0" bev="0" fileid="6" />
                <SequencePoint vc="0" uspid="564" ordinal="0" offset="53" sl="100" sc="17" el="100" ec="17" bec="0" bev="0" fileid="6" />
                <SequencePoint vc="0" uspid="565" ordinal="0" offset="65" sl="101" sc="17" el="101" ec="17" bec="0" bev="0" fileid="6" />
                <SequencePoint vc="1" uspid="566" ordinal="0" offset="67" sl="103" sc="17" el="103" ec="17" bec="0" bev="0" fileid="6" />
                <SequencePoint vc="1" uspid="567" ordinal="0" offset="79" sl="104" sc="17" el="104" ec="17" bec="0" bev="0" fileid="6" />
                <SequencePoint vc="2" uspid="568" ordinal="0" offset="81" sl="106" sc="17" el="106" ec="17" bec="0" bev="0" fileid="6" />
                <SequencePoint vc="2" uspid="569" ordinal="0" offset="93" sl="107" sc="17" el="107" ec="17" bec="0" bev="0" fileid="6" />
                <SequencePoint vc="0" uspid="570" ordinal="0" offset="95" sl="109" sc="17" el="109" ec="17" bec="0" bev="0" fileid="6" />
                <SequencePoint vc="0" uspid="571" ordinal="0" offset="107" sl="110" sc="17" el="110" ec="17" bec="0" bev="0" fileid="6" />
                <SequencePoint vc="4" uspid="572" ordinal="0" offset="109" sl="113" sc="9" el="113" ec="9" bec="0" bev="0" fileid="6" />
                <SequencePoint vc="4" uspid="573" ordinal="0" offset="117" sl="114" sc="9" el="114" ec="9" bec="0" bev="0" fileid="6" />
                <SequencePoint vc="4" uspid="574" ordinal="0" offset="125" sl="115" sc="9" el="115" ec="9" bec="0" bev="0" fileid="6" />
                <SequencePoint vc="4" uspid="575" ordinal="0" offset="130" sl="116" sc="5" el="116" ec="5" bec="0" bev="0" fileid="6" />
              </SequencePoints>
              <BranchPoints />
            </Method>
            <Method visited="true" cyclomaticComplexity="0" nPathComplexity="0" sequenceCoverage="100.0" branchCoverage="0" crapScore="0" isConstructor="false" isStatic="false" isGetter="false" isSetter="false">
              <Summary numSequencePoints="4" visitedSequencePoints="4" numBranchPoints="0" visitedBranchPoints="0" sequenceCoverage="100.0" branchCoverage="0" maxCyclomaticComplexity="0" minCyclomaticComplexity="0" maxCrapScore="0" minCrapScore="0" visitedClasses="0" numClasses="0" visitedMethods="1" numMethods="1" />
              <MetadataToken>100663329</MetadataToken>
              <Name>System.Void Spawner::SetPosition(UnityEngine.GameObject)</Name>
              <FileRef uid="6" />
              <SequencePoints>
                <SequencePoint vc="4" uspid="576" ordinal="0" offset="0" sl="119" sc="5" el="119" ec="5" bec="0" bev="0" fileid="6" />
                <SequencePoint vc="4" uspid="577" ordinal="0" offset="1" sl="120" sc="9" el="120" ec="9" bec="0" bev="0" fileid="6" />
                <SequencePoint vc="4" uspid="578" ordinal="0" offset="17" sl="123" sc="9" el="123" ec="9" bec="0" bev="0" fileid="6" />
                <SequencePoint vc="4" uspid="579" ordinal="0" offset="57" sl="124" sc="5" el="124" ec="5" bec="0" bev="0" fileid="6" />
              </SequencePoints>
              <BranchPoints />
            </Method>
            <Method visited="true" cyclomaticComplexity="0" nPathComplexity="0" sequenceCoverage="100.0" branchCoverage="0" crapScore="0" isConstructor="false" isStatic="false" isGetter="false" isSetter="false">
              <Summary numSequencePoints="3" visitedSequencePoints="3" numBranchPoints="0" visitedBranchPoints="0" sequenceCoverage="100.0" branchCoverage="0" maxCyclomaticComplexity="0" minCyclomaticComplexity="0" maxCrapScore="0" minCrapScore="0" visitedClasses="0" numClasses="0" visitedMethods="1" numMethods="1" />
              <MetadataToken>100663330</MetadataToken>
              <Name>System.Void Spawner::PlayExplosion()</Name>
              <FileRef uid="6" />
              <SequencePoints>
                <SequencePoint vc="2" uspid="580" ordinal="0" offset="0" sl="127" sc="5" el="127" ec="5" bec="0" bev="0" fileid="6" />
                <SequencePoint vc="2" uspid="581" ordinal="0" offset="1" sl="128" sc="9" el="128" ec="9" bec="0" bev="0" fileid="6" />
                <SequencePoint vc="2" uspid="582" ordinal="0" offset="24" sl="129" sc="5" el="129" ec="5" bec="0" bev="0" fileid="6" />
              </SequencePoints>
              <BranchPoints />
            </Method>
            <Method visited="true" cyclomaticComplexity="0" nPathComplexity="0" sequenceCoverage="100.0" branchCoverage="0" crapScore="0" isConstructor="false" isStatic="false" isGetter="false" isSetter="false">
              <Summary numSequencePoints="3" visitedSequencePoints="3" numBranchPoints="0" visitedBranchPoints="0" sequenceCoverage="100.0" branchCoverage="0" maxCyclomaticComplexity="0" minCyclomaticComplexity="0" maxCrapScore="0" minCrapScore="0" visitedClasses="0" numClasses="0" visitedMethods="1" numMethods="1" />
              <MetadataToken>100663331</MetadataToken>
              <Name>System.Void Spawner::ClearAsteroids()</Name>
              <FileRef uid="6" />
              <SequencePoints>
                <SequencePoint vc="2" uspid="583" ordinal="0" offset="0" sl="132" sc="5" el="132" ec="5" bec="0" bev="0" fileid="6" />
                <SequencePoint vc="2" uspid="584" ordinal="0" offset="1" sl="133" sc="9" el="133" ec="9" bec="0" bev="0" fileid="6" />
                <SequencePoint vc="2" uspid="585" ordinal="0" offset="13" sl="134" sc="5" el="134" ec="5" bec="0" bev="0" fileid="6" />
              </SequencePoints>
              <BranchPoints />
            </Method>
            <Method visited="true" cyclomaticComplexity="0" nPathComplexity="0" sequenceCoverage="100.0" branchCoverage="0" crapScore="0" isConstructor="false" isStatic="false" isGetter="false" isSetter="false">
              <Summary numSequencePoints="3" visitedSequencePoints="3" numBranchPoints="0" visitedBranchPoints="0" sequenceCoverage="100.0" branchCoverage="0" maxCyclomaticComplexity="0" minCyclomaticComplexity="0" maxCrapScore="0" minCrapScore="0" visitedClasses="0" numClasses="0" visitedMethods="1" numMethods="1" />
              <MetadataToken>100663332</MetadataToken>
              <Name>System.Void Spawner::StopSpawning()</Name>
              <FileRef uid="6" />
              <SequencePoints>
                <SequencePoint vc="1" uspid="586" ordinal="0" offset="0" sl="137" sc="5" el="137" ec="5" bec="0" bev="0" fileid="6" />
                <SequencePoint vc="1" uspid="587" ordinal="0" offset="1" sl="138" sc="9" el="138" ec="9" bec="0" bev="0" fileid="6" />
                <SequencePoint vc="1" uspid="588" ordinal="0" offset="14" sl="139" sc="5" el="139" ec="5" bec="0" bev="0" fileid="6" />
              </SequencePoints>
              <BranchPoints />
            </Method>
            <Method visited="true" cyclomaticComplexity="0" nPathComplexity="0" sequenceCoverage="100.0" branchCoverage="0" crapScore="0" isConstructor="false" isStatic="false" isGetter="false" isSetter="false">
              <Summary numSequencePoints="1" visitedSequencePoints="1" numBranchPoints="0" visitedBranchPoints="0" sequenceCoverage="100.0" branchCoverage="0" maxCyclomaticComplexity="0" minCyclomaticComplexity="0" maxCrapScore="0" minCrapScore="0" visitedClasses="0" numClasses="0" visitedMethods="1" numMethods="1" />
              <MetadataToken>100663334</MetadataToken>
              <Name>System.Void Spawner::&lt;Awake&gt;b__9_0(UnityEngine.GameObject)</Name>
              <FileRef uid="6" />
              <SequencePoints>
                <SequencePoint vc="2" uspid="589" ordinal="0" offset="0" sl="55" sc="26" el="55" ec="26" bec="0" bev="0" fileid="6" />
              </SequencePoints>
              <BranchPoints />
            </Method>
          </Methods>
        </Class>
        <Class>
          <Summary numSequencePoints="16" visitedSequencePoints="13" numBranchPoints="0" visitedBranchPoints="0" sequenceCoverage="81.25" branchCoverage="0.0" maxCyclomaticComplexity="0" minCyclomaticComplexity="0" maxCrapScore="0" minCrapScore="0" visitedClasses="1" numClasses="1" visitedMethods="4" numMethods="4" />
          <FullName>SpeedPickup</FullName>
          <Methods>
            <Method visited="true" cyclomaticComplexity="0" nPathComplexity="0" sequenceCoverage="100.0" branchCoverage="0" crapScore="0" isConstructor="false" isStatic="false" isGetter="false" isSetter="false">
              <Summary numSequencePoints="4" visitedSequencePoints="4" numBranchPoints="0" visitedBranchPoints="0" sequenceCoverage="100.0" branchCoverage="0" maxCyclomaticComplexity="0" minCyclomaticComplexity="0" maxCrapScore="0" minCrapScore="0" visitedClasses="0" numClasses="0" visitedMethods="1" numMethods="1" />
              <MetadataToken>100663335</MetadataToken>
              <Name>System.Void SpeedPickup::Start()</Name>
              <FileRef uid="7" />
              <SequencePoints>
                <SequencePoint vc="4" uspid="590" ordinal="0" offset="0" sl="11" sc="5" el="11" ec="5" bec="0" bev="0" fileid="7" />
                <SequencePoint vc="4" uspid="591" ordinal="0" offset="1" sl="12" sc="9" el="12" ec="9" bec="0" bev="0" fileid="7" />
                <SequencePoint vc="4" uspid="592" ordinal="0" offset="17" sl="13" sc="9" el="13" ec="9" bec="0" bev="0" fileid="7" />
                <SequencePoint vc="4" uspid="593" ordinal="0" offset="45" sl="14" sc="5" el="14" ec="5" bec="0" bev="0" fileid="7" />
              </SequencePoints>
              <BranchPoints />
            </Method>
            <Method visited="true" cyclomaticComplexity="0" nPathComplexity="0" sequenceCoverage="100.0" branchCoverage="0" crapScore="0" isConstructor="false" isStatic="false" isGetter="false" isSetter="false">
              <Summary numSequencePoints="3" visitedSequencePoints="3" numBranchPoints="0" visitedBranchPoints="0" sequenceCoverage="100.0" branchCoverage="0" maxCyclomaticComplexity="0" minCyclomaticComplexity="0" maxCrapScore="0" minCrapScore="0" visitedClasses="0" numClasses="0" visitedMethods="1" numMethods="1" />
              <MetadataToken>100663336</MetadataToken>
              <Name>System.Void SpeedPickup::Update()</Name>
              <FileRef uid="7" />
              <SequencePoints>
                <SequencePoint vc="10852" uspid="594" ordinal="0" offset="0" sl="17" sc="5" el="17" ec="5" bec="0" bev="0" fileid="7" />
                <SequencePoint vc="10852" uspid="595" ordinal="0" offset="1" sl="18" sc="9" el="18" ec="9" bec="0" bev="0" fileid="7" />
                <SequencePoint vc="10852" uspid="596" ordinal="0" offset="8" sl="19" sc="5" el="19" ec="5" bec="0" bev="0" fileid="7" />
              </SequencePoints>
              <BranchPoints />
            </Method>
            <Method visited="true" cyclomaticComplexity="0" nPathComplexity="0" sequenceCoverage="57.14" branchCoverage="0" crapScore="0" isConstructor="false" isStatic="false" isGetter="false" isSetter="false">
              <Summary numSequencePoints="7" visitedSequencePoints="4" numBranchPoints="0" visitedBranchPoints="0" sequenceCoverage="57.14" branchCoverage="0" maxCyclomaticComplexity="0" minCyclomaticComplexity="0" maxCrapScore="0" minCrapScore="0" visitedClasses="0" numClasses="0" visitedMethods="1" numMethods="1" />
              <MetadataToken>100663337</MetadataToken>
              <Name>System.Void SpeedPickup::Move()</Name>
              <FileRef uid="7" />
              <SequencePoints>
                <SequencePoint vc="10852" uspid="597" ordinal="0" offset="0" sl="22" sc="5" el="22" ec="5" bec="0" bev="0" fileid="7" />
                <SequencePoint vc="10852" uspid="598" ordinal="0" offset="1" sl="23" sc="9" el="23" ec="9" bec="0" bev="0" fileid="7" />
                <SequencePoint vc="10852" uspid="599" ordinal="0" offset="39" sl="24" sc="9" el="24" ec="9" bec="0" bev="0" fileid="7" />
                <SequencePoint vc="0" uspid="600" ordinal="0" offset="67" sl="25" sc="9" el="25" ec="9" bec="0" bev="0" fileid="7" />
                <SequencePoint vc="0" uspid="601" ordinal="0" offset="68" sl="26" sc="13" el="26" ec="13" bec="0" bev="0" fileid="7" />
                <SequencePoint vc="0" uspid="602" ordinal="0" offset="80" sl="27" sc="9" el="27" ec="9" bec="0" bev="0" fileid="7" />
                <SequencePoint vc="10852" uspid="603" ordinal="0" offset="81" sl="28" sc="5" el="28" ec="5" bec="0" bev="0" fileid="7" />
              </SequencePoints>
              <BranchPoints />
            </Method>
            <Method visited="true" cyclomaticComplexity="0" nPathComplexity="0" sequenceCoverage="100.0" branchCoverage="0" crapScore="0" isConstructor="true" isStatic="false" isGetter="false" isSetter="false">
              <Summary numSequencePoints="2" visitedSequencePoints="2" numBranchPoints="0" visitedBranchPoints="0" sequenceCoverage="100.0" branchCoverage="0" maxCyclomaticComplexity="0" minCyclomaticComplexity="0" maxCrapScore="0" minCrapScore="0" visitedClasses="0" numClasses="0" visitedMethods="1" numMethods="1" />
              <MetadataToken>100663338</MetadataToken>
              <Name>SpeedPickup::SpeedPickup()</Name>
              <FileRef uid="7" />
              <SequencePoints>
                <SequencePoint vc="5" uspid="604" ordinal="0" offset="0" sl="7" sc="5" el="7" ec="5" bec="0" bev="0" fileid="7" />
                <SequencePoint vc="5" uspid="605" ordinal="0" offset="11" sl="8" sc="5" el="8" ec="5" bec="0" bev="0" fileid="7" />
              </SequencePoints>
              <BranchPoints />
            </Method>
          </Methods>
        </Class>
        <Class>
          <Summary numSequencePoints="6" visitedSequencePoints="4" numBranchPoints="0" visitedBranchPoints="0" sequenceCoverage="66.67" branchCoverage="0.0" maxCyclomaticComplexity="0" minCyclomaticComplexity="0" maxCrapScore="0" minCrapScore="0" visitedClasses="1" numClasses="1" visitedMethods="1" numMethods="1" />
          <FullName>Spawner/&lt;Spawn&gt;d__11</FullName>
          <Methods>
            <Method visited="true" cyclomaticComplexity="0" nPathComplexity="0" sequenceCoverage="66.67" branchCoverage="0" crapScore="0" isConstructor="false" isStatic="false" isGetter="false" isSetter="false">
              <Summary numSequencePoints="6" visitedSequencePoints="4" numBranchPoints="0" visitedBranchPoints="0" sequenceCoverage="66.67" branchCoverage="0" maxCyclomaticComplexity="0" minCyclomaticComplexity="0" maxCrapScore="0" minCrapScore="0" visitedClasses="0" numClasses="0" visitedMethods="1" numMethods="1" />
              <MetadataToken>100663355</MetadataToken>
              <Name>System.Boolean Spawner/&lt;Spawn&gt;d__11::MoveNext()</Name>
              <FileRef uid="6" />
              <SequencePoints>
                <SequencePoint vc="2" uspid="619" ordinal="0" offset="31" sl="68" sc="5" el="68" ec="5" bec="0" bev="0" fileid="6" />
                <SequencePoint vc="2" uspid="620" ordinal="0" offset="34" sl="70" sc="9" el="70" ec="9" bec="0" bev="0" fileid="6" />
                <SequencePoint vc="2" uspid="621" ordinal="0" offset="35" sl="71" sc="13" el="71" ec="13" bec="0" bev="0" fileid="6" />
                <SequencePoint vc="0" uspid="622" ordinal="0" offset="67" sl="72" sc="13" el="72" ec="13" bec="0" bev="0" fileid="6" />
                <SequencePoint vc="0" uspid="623" ordinal="0" offset="79" sl="73" sc="9" el="73" ec="9" bec="0" bev="0" fileid="6" />
                <SequencePoint vc="2" uspid="624" ordinal="0" offset="80" sl="69" sc="9" el="69" ec="9" bec="0" bev="0" fileid="6" />
              </SequencePoints>
              <BranchPoints />
            </Method>
          </Methods>
        </Class>
        <Class>
          <Summary numSequencePoints="6" visitedSequencePoints="4" numBranchPoints="0" visitedBranchPoints="0" sequenceCoverage="66.67" branchCoverage="0.0" maxCyclomaticComplexity="0" minCyclomaticComplexity="0" maxCrapScore="0" minCrapScore="0" visitedClasses="1" numClasses="1" visitedMethods="1" numMethods="1" />
          <FullName>Spawner/&lt;SpawnSpeedPickups&gt;d__12</FullName>
          <Methods>
            <Method visited="true" cyclomaticComplexity="0" nPathComplexity="0" sequenceCoverage="66.67" branchCoverage="0" crapScore="0" isConstructor="false" isStatic="false" isGetter="false" isSetter="false">
              <Summary numSequencePoints="6" visitedSequencePoints="4" numBranchPoints="0" visitedBranchPoints="0" sequenceCoverage="66.67" branchCoverage="0" maxCyclomaticComplexity="0" minCyclomaticComplexity="0" maxCrapScore="0" minCrapScore="0" visitedClasses="0" numClasses="0" visitedMethods="1" numMethods="1" />
              <MetadataToken>100663361</MetadataToken>
              <Name>System.Boolean Spawner/&lt;SpawnSpeedPickups&gt;d__12::MoveNext()</Name>
              <FileRef uid="6" />
              <SequencePoints>
                <SequencePoint vc="2" uspid="625" ordinal="0" offset="31" sl="77" sc="5" el="77" ec="5" bec="0" bev="0" fileid="6" />
                <SequencePoint vc="2" uspid="626" ordinal="0" offset="34" sl="79" sc="9" el="79" ec="9" bec="0" bev="0" fileid="6" />
                <SequencePoint vc="2" uspid="627" ordinal="0" offset="35" sl="80" sc="13" el="80" ec="13" bec="0" bev="0" fileid="6" />
                <SequencePoint vc="0" uspid="628" ordinal="0" offset="67" sl="81" sc="13" el="81" ec="13" bec="0" bev="0" fileid="6" />
                <SequencePoint vc="0" uspid="629" ordinal="0" offset="79" sl="82" sc="9" el="82" ec="9" bec="0" bev="0" fileid="6" />
                <SequencePoint vc="2" uspid="630" ordinal="0" offset="80" sl="78" sc="9" el="78" ec="9" bec="0" bev="0" fileid="6" />
              </SequencePoints>
              <BranchPoints />
            </Method>
          </Methods>
        </Class>
      </Classes>
    </Module>
  </Modules>
</CoverageSession>